{"/Users/mm2/dev_mm/mono/apps/api-nest/src/app.module.ts": {"path":"/Users/mm2/dev_mm/mono/apps/api-nest/src/app.module.ts","statementMap":{"0":{"start":{"line":1,"column":0},"end":{"line":1,"column":40}},"1":{"start":{"line":2,"column":0},"end":{"line":2,"column":46}},"2":{"start":{"line":3,"column":0},"end":{"line":3,"column":58}},"3":{"start":{"line":4,"column":0},"end":{"line":4,"column":62}},"4":{"start":{"line":5,"column":0},"end":{"line":5,"column":56}},"5":{"start":{"line":6,"column":0},"end":{"line":6,"column":65}},"6":{"start":{"line":7,"column":0},"end":{"line":7,"column":62}},"7":{"start":{"line":8,"column":0},"end":{"line":8,"column":68}},"8":{"start":{"line":9,"column":0},"end":{"line":9,"column":56}},"9":{"start":{"line":10,"column":0},"end":{"line":10,"column":62}},"10":{"start":{"line":11,"column":0},"end":{"line":11,"column":61}},"11":{"start":{"line":12,"column":0},"end":{"line":12,"column":58}},"12":{"start":{"line":13,"column":0},"end":{"line":13,"column":64}},"13":{"start":{"line":14,"column":0},"end":{"line":14,"column":62}},"14":{"start":{"line":15,"column":0},"end":{"line":15,"column":79}},"15":{"start":{"line":16,"column":0},"end":{"line":16,"column":73}},"16":{"start":{"line":53,"column":7},"end":{"line":53,"column":null}},"17":{"start":{"line":53,"column":13},"end":{"line":53,"column":22}},"18":{"start":{"line":53,"column":13},"end":{"line":53,"column":null}}},"fnMap":{},"branchMap":{},"s":{"0":0,"1":0,"2":0,"3":0,"4":0,"5":0,"6":0,"7":0,"8":0,"9":0,"10":0,"11":0,"12":0,"13":0,"14":0,"15":0,"16":0,"17":0,"18":0},"f":{},"b":{}}
,"/Users/mm2/dev_mm/mono/apps/api-nest/src/common/decorators/account.decorator.ts": {"path":"/Users/mm2/dev_mm/mono/apps/api-nest/src/common/decorators/account.decorator.ts","statementMap":{"0":{"start":{"line":1,"column":0},"end":{"line":1,"column":72}},"1":{"start":{"line":4,"column":13},"end":{"line":9,"column":2}},"2":{"start":{"line":6,"column":20},"end":{"line":6,"column":51}},"3":{"start":{"line":7,"column":4},"end":{"line":7,"column":27}},"4":{"start":{"line":11,"column":13},"end":{"line":16,"column":2}},"5":{"start":{"line":13,"column":20},"end":{"line":13,"column":51}},"6":{"start":{"line":14,"column":4},"end":{"line":14,"column":58}},"7":{"start":{"line":18,"column":13},"end":{"line":29,"column":2}},"8":{"start":{"line":20,"column":20},"end":{"line":20,"column":51}},"9":{"start":{"line":21,"column":17},"end":{"line":21,"column":50}},"10":{"start":{"line":23,"column":4},"end":{"line":25,"column":5}},"11":{"start":{"line":24,"column":6},"end":{"line":24,"column":54}},"12":{"start":{"line":27,"column":4},"end":{"line":27,"column":33}}},"fnMap":{"0":{"name":"(anonymous_0)","decl":{"start":{"line":5,"column":2},"end":{"line":5,"column":3}},"loc":{"start":{"line":5,"column":43},"end":{"line":8,"column":3}}},"1":{"name":"(anonymous_1)","decl":{"start":{"line":12,"column":2},"end":{"line":12,"column":3}},"loc":{"start":{"line":12,"column":43},"end":{"line":15,"column":3}}},"2":{"name":"(anonymous_2)","decl":{"start":{"line":19,"column":2},"end":{"line":19,"column":3}},"loc":{"start":{"line":19,"column":51},"end":{"line":28,"column":3}}}},"branchMap":{"0":{"loc":{"start":{"line":14,"column":11},"end":{"line":14,"column":57}},"type":"binary-expr","locations":[{"start":{"line":14,"column":11},"end":{"line":14,"column":30}},{"start":{"line":14,"column":34},"end":{"line":14,"column":57}}]},"1":{"loc":{"start":{"line":23,"column":4},"end":{"line":25,"column":5}},"type":"if","locations":[{"start":{"line":23,"column":4},"end":{"line":25,"column":5}},{"start":{},"end":{}}]}},"s":{"0":0,"1":0,"2":0,"3":0,"4":0,"5":0,"6":0,"7":0,"8":0,"9":0,"10":0,"11":0,"12":0},"f":{"0":0,"1":0,"2":0},"b":{"0":[0,0],"1":[0,0]}}
,"/Users/mm2/dev_mm/mono/apps/api-nest/src/common/decorators/auth.decorator.ts": {"path":"/Users/mm2/dev_mm/mono/apps/api-nest/src/common/decorators/auth.decorator.ts","statementMap":{"0":{"start":{"line":18,"column":0},"end":{"line":18,"column":16}},"1":{"start":{"line":1,"column":0},"end":{"line":1,"column":60}},"2":{"start":{"line":2,"column":0},"end":{"line":2,"column":56}},"3":{"start":{"line":3,"column":0},"end":{"line":3,"column":49}},"4":{"start":{"line":4,"column":0},"end":{"line":4,"column":61}},"5":{"start":{"line":5,"column":0},"end":{"line":5,"column":68}},"6":{"start":{"line":6,"column":0},"end":{"line":6,"column":70}},"7":{"start":{"line":7,"column":0},"end":{"line":7,"column":47}},"8":{"start":{"line":8,"column":0},"end":{"line":8,"column":60}},"9":{"start":{"line":19,"column":21},"end":{"line":19,"column":46}},"10":{"start":{"line":21,"column":2},"end":{"line":23,"column":3}},"11":{"start":{"line":22,"column":4},"end":{"line":22,"column":69}},"12":{"start":{"line":25,"column":2},"end":{"line":27,"column":3}},"13":{"start":{"line":26,"column":4},"end":{"line":26,"column":92}},"14":{"start":{"line":29,"column":2},"end":{"line":31,"column":3}},"15":{"start":{"line":30,"column":4},"end":{"line":30,"column":51}},"16":{"start":{"line":33,"column":2},"end":{"line":35,"column":3}},"17":{"start":{"line":34,"column":4},"end":{"line":34,"column":52}},"18":{"start":{"line":37,"column":2},"end":{"line":37,"column":40}}},"fnMap":{"0":{"name":"Auth","decl":{"start":{"line":18,"column":16},"end":{"line":18,"column":20}},"loc":{"start":{"line":18,"column":46},"end":{"line":38,"column":1}}}},"branchMap":{"0":{"loc":{"start":{"line":18,"column":21},"end":{"line":18,"column":46}},"type":"default-arg","locations":[{"start":{"line":18,"column":44},"end":{"line":18,"column":46}}]},"1":{"loc":{"start":{"line":21,"column":2},"end":{"line":23,"column":3}},"type":"if","locations":[{"start":{"line":21,"column":2},"end":{"line":23,"column":3}},{"start":{},"end":{}}]},"2":{"loc":{"start":{"line":25,"column":2},"end":{"line":27,"column":3}},"type":"if","locations":[{"start":{"line":25,"column":2},"end":{"line":27,"column":3}},{"start":{},"end":{}}]},"3":{"loc":{"start":{"line":25,"column":6},"end":{"line":25,"column":59}},"type":"binary-expr","locations":[{"start":{"line":25,"column":6},"end":{"line":25,"column":25}},{"start":{"line":25,"column":29},"end":{"line":25,"column":59}}]},"4":{"loc":{"start":{"line":29,"column":2},"end":{"line":31,"column":3}},"type":"if","locations":[{"start":{"line":29,"column":2},"end":{"line":31,"column":3}},{"start":{},"end":{}}]},"5":{"loc":{"start":{"line":33,"column":2},"end":{"line":35,"column":3}},"type":"if","locations":[{"start":{"line":33,"column":2},"end":{"line":35,"column":3}},{"start":{},"end":{}}]}},"s":{"0":0,"1":0,"2":0,"3":0,"4":0,"5":0,"6":0,"7":0,"8":0,"9":0,"10":0,"11":0,"12":0,"13":0,"14":0,"15":0,"16":0,"17":0,"18":0},"f":{"0":0},"b":{"0":[0],"1":[0,0],"2":[0,0],"3":[0,0],"4":[0,0],"5":[0,0]}}
,"/Users/mm2/dev_mm/mono/apps/api-nest/src/common/decorators/cache.decorator.ts": {"path":"/Users/mm2/dev_mm/mono/apps/api-nest/src/common/decorators/cache.decorator.ts","statementMap":{"0":{"start":{"line":1,"column":0},"end":{"line":1,"column":45}},"1":{"start":{"line":3,"column":13},"end":{"line":3,"column":46}},"2":{"start":{"line":4,"column":13},"end":{"line":4,"column":46}},"3":{"start":{"line":6,"column":24},"end":{"line":6,"column":77}},"4":{"start":{"line":6,"column":41},"end":{"line":6,"column":77}},"5":{"start":{"line":6,"column":13},"end":{"line":6,"column":24}},"6":{"start":{"line":7,"column":24},"end":{"line":7,"column":77}},"7":{"start":{"line":7,"column":41},"end":{"line":7,"column":77}},"8":{"start":{"line":7,"column":13},"end":{"line":7,"column":24}}},"fnMap":{"0":{"name":"(anonymous_0)","decl":{"start":{"line":6,"column":24},"end":{"line":6,"column":25}},"loc":{"start":{"line":6,"column":41},"end":{"line":6,"column":77}}},"1":{"name":"(anonymous_1)","decl":{"start":{"line":7,"column":24},"end":{"line":7,"column":25}},"loc":{"start":{"line":7,"column":41},"end":{"line":7,"column":77}}}},"branchMap":{},"s":{"0":0,"1":0,"2":0,"3":0,"4":0,"5":0,"6":0,"7":0,"8":0},"f":{"0":0,"1":0},"b":{}}
,"/Users/mm2/dev_mm/mono/apps/api-nest/src/common/decorators/permission.decorator.ts": {"path":"/Users/mm2/dev_mm/mono/apps/api-nest/src/common/decorators/permission.decorator.ts","statementMap":{"0":{"start":{"line":1,"column":0},"end":{"line":1,"column":45}},"1":{"start":{"line":3,"column":13},"end":{"line":3,"column":44}},"2":{"start":{"line":4,"column":34},"end":{"line":5,"column":42}},"3":{"start":{"line":5,"column":2},"end":{"line":5,"column":42}},"4":{"start":{"line":4,"column":13},"end":{"line":4,"column":34}},"5":{"start":{"line":7,"column":13},"end":{"line":7,"column":45}}},"fnMap":{"0":{"name":"(anonymous_0)","decl":{"start":{"line":4,"column":34},"end":{"line":4,"column":35}},"loc":{"start":{"line":5,"column":2},"end":{"line":5,"column":42}}}},"branchMap":{},"s":{"0":0,"1":0,"2":0,"3":0,"4":0,"5":0},"f":{"0":0},"b":{}}
,"/Users/mm2/dev_mm/mono/apps/api-nest/src/common/decorators/public.decorator.ts": {"path":"/Users/mm2/dev_mm/mono/apps/api-nest/src/common/decorators/public.decorator.ts","statementMap":{"0":{"start":{"line":1,"column":0},"end":{"line":1,"column":45}},"1":{"start":{"line":3,"column":13},"end":{"line":3,"column":40}},"2":{"start":{"line":4,"column":22},"end":{"line":4,"column":60}},"3":{"start":{"line":4,"column":28},"end":{"line":4,"column":60}},"4":{"start":{"line":4,"column":13},"end":{"line":4,"column":22}}},"fnMap":{"0":{"name":"(anonymous_0)","decl":{"start":{"line":4,"column":22},"end":{"line":4,"column":25}},"loc":{"start":{"line":4,"column":28},"end":{"line":4,"column":60}}}},"branchMap":{},"s":{"0":0,"1":0,"2":0,"3":0,"4":0},"f":{"0":0},"b":{}}
,"/Users/mm2/dev_mm/mono/apps/api-nest/src/common/decorators/tenant.decorator.ts": {"path":"/Users/mm2/dev_mm/mono/apps/api-nest/src/common/decorators/tenant.decorator.ts","statementMap":{"0":{"start":{"line":1,"column":0},"end":{"line":1,"column":72}},"1":{"start":{"line":4,"column":13},"end":{"line":9,"column":2}},"2":{"start":{"line":6,"column":20},"end":{"line":6,"column":51}},"3":{"start":{"line":7,"column":4},"end":{"line":7,"column":26}},"4":{"start":{"line":11,"column":13},"end":{"line":16,"column":2}},"5":{"start":{"line":13,"column":20},"end":{"line":13,"column":51}},"6":{"start":{"line":14,"column":4},"end":{"line":14,"column":56}},"7":{"start":{"line":18,"column":13},"end":{"line":29,"column":2}},"8":{"start":{"line":20,"column":20},"end":{"line":20,"column":51}},"9":{"start":{"line":21,"column":17},"end":{"line":21,"column":50}},"10":{"start":{"line":23,"column":4},"end":{"line":25,"column":5}},"11":{"start":{"line":24,"column":6},"end":{"line":24,"column":53}},"12":{"start":{"line":27,"column":4},"end":{"line":27,"column":32}}},"fnMap":{"0":{"name":"(anonymous_0)","decl":{"start":{"line":5,"column":2},"end":{"line":5,"column":3}},"loc":{"start":{"line":5,"column":43},"end":{"line":8,"column":3}}},"1":{"name":"(anonymous_1)","decl":{"start":{"line":12,"column":2},"end":{"line":12,"column":3}},"loc":{"start":{"line":12,"column":43},"end":{"line":15,"column":3}}},"2":{"name":"(anonymous_2)","decl":{"start":{"line":19,"column":2},"end":{"line":19,"column":3}},"loc":{"start":{"line":19,"column":51},"end":{"line":28,"column":3}}}},"branchMap":{"0":{"loc":{"start":{"line":14,"column":11},"end":{"line":14,"column":55}},"type":"binary-expr","locations":[{"start":{"line":14,"column":11},"end":{"line":14,"column":29}},{"start":{"line":14,"column":33},"end":{"line":14,"column":55}}]},"1":{"loc":{"start":{"line":23,"column":4},"end":{"line":25,"column":5}},"type":"if","locations":[{"start":{"line":23,"column":4},"end":{"line":25,"column":5}},{"start":{},"end":{}}]}},"s":{"0":0,"1":0,"2":0,"3":0,"4":0,"5":0,"6":0,"7":0,"8":0,"9":0,"10":0,"11":0,"12":0},"f":{"0":0,"1":0,"2":0},"b":{"0":[0,0],"1":[0,0]}}
,"/Users/mm2/dev_mm/mono/apps/api-nest/src/common/decorators/tier.decorator.ts": {"path":"/Users/mm2/dev_mm/mono/apps/api-nest/src/common/decorators/tier.decorator.ts","statementMap":{"0":{"start":{"line":1,"column":0},"end":{"line":1,"column":45}},"1":{"start":{"line":4,"column":13},"end":{"line":4,"column":31}},"2":{"start":{"line":5,"column":27},"end":{"line":6,"column":29}},"3":{"start":{"line":6,"column":2},"end":{"line":6,"column":29}},"4":{"start":{"line":5,"column":13},"end":{"line":5,"column":27}},"5":{"start":{"line":8,"column":13},"end":{"line":8,"column":32}}},"fnMap":{"0":{"name":"(anonymous_0)","decl":{"start":{"line":5,"column":27},"end":{"line":5,"column":28}},"loc":{"start":{"line":6,"column":2},"end":{"line":6,"column":29}}}},"branchMap":{},"s":{"0":0,"1":0,"2":0,"3":0,"4":0,"5":0},"f":{"0":0},"b":{}}
,"/Users/mm2/dev_mm/mono/apps/api-nest/src/common/decorators/user.decorator.ts": {"path":"/Users/mm2/dev_mm/mono/apps/api-nest/src/common/decorators/user.decorator.ts","statementMap":{"0":{"start":{"line":1,"column":0},"end":{"line":1,"column":72}},"1":{"start":{"line":3,"column":13},"end":{"line":8,"column":2}},"2":{"start":{"line":5,"column":20},"end":{"line":5,"column":51}},"3":{"start":{"line":6,"column":4},"end":{"line":6,"column":24}},"4":{"start":{"line":10,"column":13},"end":{"line":10,"column":32}}},"fnMap":{"0":{"name":"(anonymous_0)","decl":{"start":{"line":4,"column":2},"end":{"line":4,"column":3}},"loc":{"start":{"line":4,"column":43},"end":{"line":7,"column":3}}}},"branchMap":{},"s":{"0":0,"1":0,"2":0,"3":0,"4":0},"f":{"0":0},"b":{}}
,"/Users/mm2/dev_mm/mono/apps/api-nest/src/common/guards/jwt-auth.guard.ts": {"path":"/Users/mm2/dev_mm/mono/apps/api-nest/src/common/guards/jwt-auth.guard.ts","statementMap":{"0":{"start":{"line":1,"column":0},"end":{"line":1,"column":85}},"1":{"start":{"line":2,"column":0},"end":{"line":2,"column":45}},"2":{"start":{"line":3,"column":0},"end":{"line":3,"column":41}},"3":{"start":{"line":4,"column":0},"end":{"line":4,"column":63}},"4":{"start":{"line":5,"column":0},"end":{"line":5,"column":60}},"5":{"start":{"line":8,"column":7},"end":{"line":41,"column":null}},"6":{"start":{"line":13,"column":4},"end":{"line":13,"column":12}},"7":{"start":{"line":10,"column":12},"end":{"line":10,"column":23}},"8":{"start":{"line":11,"column":12},"end":{"line":11,"column":28}},"9":{"start":{"line":18,"column":21},"end":{"line":21,"column":6}},"10":{"start":{"line":23,"column":4},"end":{"line":25,"column":5}},"11":{"start":{"line":24,"column":6},"end":{"line":24,"column":18}},"12":{"start":{"line":27,"column":4},"end":{"line":27,"column":38}},"13":{"start":{"line":31,"column":20},"end":{"line":31,"column":34}},"14":{"start":{"line":34,"column":4},"end":{"line":34,"column":62}},"15":{"start":{"line":36,"column":4},"end":{"line":38,"column":5}},"16":{"start":{"line":37,"column":6},"end":{"line":37,"column":72}},"17":{"start":{"line":39,"column":4},"end":{"line":39,"column":16}},"18":{"start":{"line":8,"column":13},"end":{"line":8,"column":25}},"19":{"start":{"line":8,"column":13},"end":{"line":41,"column":null}}},"fnMap":{"0":{"name":"(anonymous_2)","decl":{"start":{"line":9,"column":2},"end":{"line":9,"column":null}},"loc":{"start":{"line":11,"column":42},"end":{"line":14,"column":3}}},"1":{"name":"(anonymous_3)","decl":{"start":{"line":16,"column":2},"end":{"line":16,"column":13}},"loc":{"start":{"line":16,"column":39},"end":{"line":28,"column":3}}},"2":{"name":"(anonymous_4)","decl":{"start":{"line":30,"column":2},"end":{"line":30,"column":15}},"loc":{"start":{"line":30,"column":73},"end":{"line":40,"column":3}}}},"branchMap":{"0":{"loc":{"start":{"line":23,"column":4},"end":{"line":25,"column":5}},"type":"if","locations":[{"start":{"line":23,"column":4},"end":{"line":25,"column":5}},{"start":{},"end":{}}]},"1":{"loc":{"start":{"line":31,"column":20},"end":{"line":31,"column":34}},"type":"binary-expr","locations":[{"start":{"line":31,"column":20},"end":{"line":31,"column":24}},{"start":{"line":31,"column":28},"end":{"line":31,"column":34}}]},"2":{"loc":{"start":{"line":36,"column":4},"end":{"line":38,"column":5}},"type":"if","locations":[{"start":{"line":36,"column":4},"end":{"line":38,"column":5}},{"start":{},"end":{}}]},"3":{"loc":{"start":{"line":36,"column":8},"end":{"line":36,"column":20}},"type":"binary-expr","locations":[{"start":{"line":36,"column":8},"end":{"line":36,"column":11}},{"start":{"line":36,"column":15},"end":{"line":36,"column":20}}]},"4":{"loc":{"start":{"line":37,"column":12},"end":{"line":37,"column":71}},"type":"binary-expr","locations":[{"start":{"line":37,"column":12},"end":{"line":37,"column":15}},{"start":{"line":37,"column":19},"end":{"line":37,"column":71}}]}},"s":{"0":0,"1":0,"2":0,"3":0,"4":0,"5":0,"6":0,"7":0,"8":0,"9":0,"10":0,"11":0,"12":0,"13":0,"14":0,"15":0,"16":0,"17":0,"18":0,"19":0},"f":{"0":0,"1":0,"2":0},"b":{"0":[0,0],"1":[0,0],"2":[0,0],"3":[0,0],"4":[0,0]}}
,"/Users/mm2/dev_mm/mono/apps/api-nest/src/common/guards/local-auth.guard.ts": {"path":"/Users/mm2/dev_mm/mono/apps/api-nest/src/common/guards/local-auth.guard.ts","statementMap":{"0":{"start":{"line":1,"column":0},"end":{"line":1,"column":44}},"1":{"start":{"line":2,"column":0},"end":{"line":2,"column":45}},"2":{"start":{"line":5,"column":7},"end":{"line":5,"column":null}},"3":{"start":{"line":5,"column":13},"end":{"line":5,"column":27}},"4":{"start":{"line":5,"column":13},"end":{"line":5,"column":null}}},"fnMap":{},"branchMap":{},"s":{"0":0,"1":0,"2":0,"3":0,"4":0},"f":{},"b":{}}
,"/Users/mm2/dev_mm/mono/apps/api-nest/src/common/guards/tenant-context.guard.ts": {"path":"/Users/mm2/dev_mm/mono/apps/api-nest/src/common/guards/tenant-context.guard.ts","statementMap":{"0":{"start":{"line":1,"column":0},"end":{"line":1,"column":95}},"1":{"start":{"line":4,"column":7},"end":{"line":50,"column":null}},"2":{"start":{"line":6,"column":20},"end":{"line":6,"column":55}},"3":{"start":{"line":7,"column":17},"end":{"line":7,"column":29}},"4":{"start":{"line":9,"column":4},"end":{"line":11,"column":5}},"5":{"start":{"line":10,"column":6},"end":{"line":10,"column":61}},"6":{"start":{"line":17,"column":4},"end":{"line":31,"column":5}},"7":{"start":{"line":18,"column":6},"end":{"line":18,"column":41}},"8":{"start":{"line":21,"column":9},"end":{"line":31,"column":5}},"9":{"start":{"line":22,"column":6},"end":{"line":22,"column":40}},"10":{"start":{"line":25,"column":9},"end":{"line":31,"column":5}},"11":{"start":{"line":26,"column":6},"end":{"line":26,"column":39}},"12":{"start":{"line":29,"column":9},"end":{"line":31,"column":5}},"13":{"start":{"line":30,"column":6},"end":{"line":30,"column":31}},"14":{"start":{"line":34,"column":4},"end":{"line":39,"column":5}},"15":{"start":{"line":36,"column":6},"end":{"line":38,"column":7}},"16":{"start":{"line":37,"column":8},"end":{"line":37,"column":69}},"17":{"start":{"line":42,"column":4},"end":{"line":46,"column":6}},"18":{"start":{"line":48,"column":4},"end":{"line":48,"column":16}},"19":{"start":{"line":4,"column":13},"end":{"line":4,"column":31}},"20":{"start":{"line":4,"column":13},"end":{"line":50,"column":null}}},"fnMap":{"0":{"name":"(anonymous_1)","decl":{"start":{"line":5,"column":2},"end":{"line":5,"column":13}},"loc":{"start":{"line":5,"column":39},"end":{"line":49,"column":3}}}},"branchMap":{"0":{"loc":{"start":{"line":9,"column":4},"end":{"line":11,"column":5}},"type":"if","locations":[{"start":{"line":9,"column":4},"end":{"line":11,"column":5}},{"start":{},"end":{}}]},"1":{"loc":{"start":{"line":17,"column":4},"end":{"line":31,"column":5}},"type":"if","locations":[{"start":{"line":17,"column":4},"end":{"line":31,"column":5}},{"start":{"line":21,"column":9},"end":{"line":31,"column":5}}]},"2":{"loc":{"start":{"line":21,"column":9},"end":{"line":31,"column":5}},"type":"if","locations":[{"start":{"line":21,"column":9},"end":{"line":31,"column":5}},{"start":{"line":25,"column":9},"end":{"line":31,"column":5}}]},"3":{"loc":{"start":{"line":25,"column":9},"end":{"line":31,"column":5}},"type":"if","locations":[{"start":{"line":25,"column":9},"end":{"line":31,"column":5}},{"start":{"line":29,"column":9},"end":{"line":31,"column":5}}]},"4":{"loc":{"start":{"line":29,"column":9},"end":{"line":31,"column":5}},"type":"if","locations":[{"start":{"line":29,"column":9},"end":{"line":31,"column":5}},{"start":{},"end":{}}]},"5":{"loc":{"start":{"line":34,"column":4},"end":{"line":39,"column":5}},"type":"if","locations":[{"start":{"line":34,"column":4},"end":{"line":39,"column":5}},{"start":{},"end":{}}]},"6":{"loc":{"start":{"line":34,"column":8},"end":{"line":34,"column":44}},"type":"binary-expr","locations":[{"start":{"line":34,"column":8},"end":{"line":34,"column":16}},{"start":{"line":34,"column":20},"end":{"line":34,"column":44}}]},"7":{"loc":{"start":{"line":36,"column":6},"end":{"line":38,"column":7}},"type":"if","locations":[{"start":{"line":36,"column":6},"end":{"line":38,"column":7}},{"start":{},"end":{}}]}},"s":{"0":0,"1":0,"2":0,"3":0,"4":0,"5":0,"6":0,"7":0,"8":0,"9":0,"10":0,"11":0,"12":0,"13":0,"14":0,"15":0,"16":0,"17":0,"18":0,"19":0,"20":0},"f":{"0":0},"b":{"0":[0,0],"1":[0,0],"2":[0,0],"3":[0,0],"4":[0,0],"5":[0,0],"6":[0,0],"7":[0,0]}}
,"/Users/mm2/dev_mm/mono/apps/api-nest/src/common/guards/tier.guard.ts": {"path":"/Users/mm2/dev_mm/mono/apps/api-nest/src/common/guards/tier.guard.ts","statementMap":{"0":{"start":{"line":1,"column":0},"end":{"line":1,"column":95}},"1":{"start":{"line":2,"column":0},"end":{"line":2,"column":41}},"2":{"start":{"line":3,"column":0},"end":{"line":3,"column":56}},"3":{"start":{"line":6,"column":7},"end":{"line":43,"column":null}},"4":{"start":{"line":7,"column":22},"end":{"line":7,"column":33}},"5":{"start":{"line":10,"column":25},"end":{"line":13,"column":6}},"6":{"start":{"line":15,"column":4},"end":{"line":17,"column":5}},"7":{"start":{"line":16,"column":6},"end":{"line":16,"column":18}},"8":{"start":{"line":19,"column":20},"end":{"line":19,"column":55}},"9":{"start":{"line":20,"column":17},"end":{"line":20,"column":29}},"10":{"start":{"line":22,"column":4},"end":{"line":24,"column":5}},"11":{"start":{"line":23,"column":6},"end":{"line":23,"column":61}},"12":{"start":{"line":27,"column":26},"end":{"line":27,"column":77}},"13":{"start":{"line":28,"column":26},"end":{"line":28,"column":58}},"14":{"start":{"line":29,"column":30},"end":{"line":29,"column":65}},"15":{"start":{"line":31,"column":4},"end":{"line":33,"column":5}},"16":{"start":{"line":32,"column":6},"end":{"line":32,"column":56}},"17":{"start":{"line":35,"column":4},"end":{"line":39,"column":5}},"18":{"start":{"line":36,"column":6},"end":{"line":38,"column":8}},"19":{"start":{"line":41,"column":4},"end":{"line":41,"column":16}},"20":{"start":{"line":6,"column":13},"end":{"line":6,"column":22}},"21":{"start":{"line":6,"column":13},"end":{"line":43,"column":null}}},"fnMap":{"0":{"name":"(anonymous_2)","decl":{"start":{"line":7,"column":2},"end":{"line":7,"column":22}},"loc":{"start":{"line":7,"column":42},"end":{"line":7,"column":46}}},"1":{"name":"(anonymous_3)","decl":{"start":{"line":9,"column":2},"end":{"line":9,"column":13}},"loc":{"start":{"line":9,"column":39},"end":{"line":42,"column":3}}}},"branchMap":{"0":{"loc":{"start":{"line":15,"column":4},"end":{"line":17,"column":5}},"type":"if","locations":[{"start":{"line":15,"column":4},"end":{"line":17,"column":5}},{"start":{},"end":{}}]},"1":{"loc":{"start":{"line":22,"column":4},"end":{"line":24,"column":5}},"type":"if","locations":[{"start":{"line":22,"column":4},"end":{"line":24,"column":5}},{"start":{},"end":{}}]},"2":{"loc":{"start":{"line":31,"column":4},"end":{"line":33,"column":5}},"type":"if","locations":[{"start":{"line":31,"column":4},"end":{"line":33,"column":5}},{"start":{},"end":{}}]},"3":{"loc":{"start":{"line":35,"column":4},"end":{"line":39,"column":5}},"type":"if","locations":[{"start":{"line":35,"column":4},"end":{"line":39,"column":5}},{"start":{},"end":{}}]}},"s":{"0":0,"1":0,"2":0,"3":0,"4":0,"5":0,"6":0,"7":0,"8":0,"9":0,"10":0,"11":0,"12":0,"13":0,"14":0,"15":0,"16":0,"17":0,"18":0,"19":0,"20":0,"21":0},"f":{"0":0,"1":0},"b":{"0":[0,0],"1":[0,0],"2":[0,0],"3":[0,0]}}
,"/Users/mm2/dev_mm/mono/apps/api-nest/src/common/interceptors/cache.interceptor.ts": {"path":"/Users/mm2/dev_mm/mono/apps/api-nest/src/common/interceptors/cache.interceptor.ts","statementMap":{"0":{"start":{"line":1,"column":0},"end":{"line":1,"column":null}},"1":{"start":{"line":7,"column":0},"end":{"line":7,"column":38}},"2":{"start":{"line":8,"column":0},"end":{"line":8,"column":37}},"3":{"start":{"line":9,"column":0},"end":{"line":9,"column":54}},"4":{"start":{"line":12,"column":7},"end":{"line":49,"column":null}},"5":{"start":{"line":13,"column":31},"end":{"line":13,"column":45}},"6":{"start":{"line":16,"column":20},"end":{"line":16,"column":55}},"7":{"start":{"line":17,"column":21},"end":{"line":17,"column":51}},"8":{"start":{"line":20,"column":4},"end":{"line":22,"column":5}},"9":{"start":{"line":21,"column":6},"end":{"line":21,"column":27}},"10":{"start":{"line":25,"column":27},"end":{"line":25,"column":64}},"11":{"start":{"line":26,"column":4},"end":{"line":29,"column":5}},"12":{"start":{"line":27,"column":6},"end":{"line":27,"column":44}},"13":{"start":{"line":28,"column":6},"end":{"line":28,"column":32}},"14":{"start":{"line":32,"column":4},"end":{"line":32,"column":43}},"15":{"start":{"line":33,"column":4},"end":{"line":38,"column":6}},"16":{"start":{"line":36,"column":8},"end":{"line":36,"column":61}},"17":{"start":{"line":43,"column":19},"end":{"line":43,"column":50}},"18":{"start":{"line":44,"column":21},"end":{"line":44,"column":51}},"19":{"start":{"line":45,"column":16},"end":{"line":45,"column":27}},"20":{"start":{"line":47,"column":4},"end":{"line":47,"column":48}},"21":{"start":{"line":12,"column":13},"end":{"line":12,"column":29}},"22":{"start":{"line":12,"column":13},"end":{"line":49,"column":null}}},"fnMap":{"0":{"name":"(anonymous_2)","decl":{"start":{"line":13,"column":2},"end":{"line":13,"column":31}},"loc":{"start":{"line":13,"column":57},"end":{"line":13,"column":61}}},"1":{"name":"(anonymous_3)","decl":{"start":{"line":15,"column":2},"end":{"line":15,"column":7}},"loc":{"start":{"line":15,"column":62},"end":{"line":39,"column":3}}},"2":{"name":"(anonymous_4)","decl":{"start":{"line":34,"column":10},"end":{"line":34,"column":15}},"loc":{"start":{"line":34,"column":29},"end":{"line":37,"column":7}}},"3":{"name":"(anonymous_5)","decl":{"start":{"line":41,"column":10},"end":{"line":41,"column":26}},"loc":{"start":{"line":41,"column":39},"end":{"line":48,"column":3}}}},"branchMap":{"0":{"loc":{"start":{"line":20,"column":4},"end":{"line":22,"column":5}},"type":"if","locations":[{"start":{"line":20,"column":4},"end":{"line":22,"column":5}},{"start":{},"end":{}}]},"1":{"loc":{"start":{"line":26,"column":4},"end":{"line":29,"column":5}},"type":"if","locations":[{"start":{"line":26,"column":4},"end":{"line":29,"column":5}},{"start":{},"end":{}}]},"2":{"loc":{"start":{"line":43,"column":19},"end":{"line":43,"column":50}},"type":"binary-expr","locations":[{"start":{"line":43,"column":19},"end":{"line":43,"column":35}},{"start":{"line":43,"column":39},"end":{"line":43,"column":50}}]},"3":{"loc":{"start":{"line":44,"column":21},"end":{"line":44,"column":51}},"type":"binary-expr","locations":[{"start":{"line":44,"column":21},"end":{"line":44,"column":39}},{"start":{"line":44,"column":43},"end":{"line":44,"column":51}}]}},"s":{"0":0,"1":0,"2":0,"3":0,"4":0,"5":0,"6":0,"7":0,"8":0,"9":0,"10":0,"11":0,"12":0,"13":0,"14":0,"15":0,"16":0,"17":0,"18":0,"19":0,"20":0,"21":0,"22":0},"f":{"0":0,"1":0,"2":0,"3":0},"b":{"0":[0,0],"1":[0,0],"2":[0,0],"3":[0,0]}}
,"/Users/mm2/dev_mm/mono/apps/api-nest/src/common/interceptors/metrics.interceptor.ts": {"path":"/Users/mm2/dev_mm/mono/apps/api-nest/src/common/interceptors/metrics.interceptor.ts","statementMap":{"0":{"start":{"line":1,"column":0},"end":{"line":1,"column":null}},"1":{"start":{"line":7,"column":0},"end":{"line":7,"column":39}},"2":{"start":{"line":8,"column":0},"end":{"line":8,"column":60}},"3":{"start":{"line":11,"column":7},"end":{"line":83,"column":null}},"4":{"start":{"line":12,"column":31},"end":{"line":12,"column":47}},"5":{"start":{"line":15,"column":22},"end":{"line":15,"column":32}},"6":{"start":{"line":16,"column":20},"end":{"line":16,"column":55}},"7":{"start":{"line":17,"column":21},"end":{"line":17,"column":57}},"8":{"start":{"line":19,"column":19},"end":{"line":19,"column":33}},"9":{"start":{"line":20,"column":18},"end":{"line":20,"column":47}},"10":{"start":{"line":21,"column":17},"end":{"line":21,"column":40}},"11":{"start":{"line":24,"column":21},"end":{"line":24,"column":50}},"12":{"start":{"line":26,"column":4},"end":{"line":55,"column":6}},"13":{"start":{"line":29,"column":27},"end":{"line":29,"column":58}},"14":{"start":{"line":30,"column":29},"end":{"line":30,"column":55}},"15":{"start":{"line":33,"column":10},"end":{"line":33,"column":85}},"16":{"start":{"line":34,"column":10},"end":{"line":34,"column":87}},"17":{"start":{"line":37,"column":10},"end":{"line":39,"column":11}},"18":{"start":{"line":38,"column":12},"end":{"line":38,"column":72}},"19":{"start":{"line":42,"column":27},"end":{"line":42,"column":58}},"20":{"start":{"line":43,"column":29},"end":{"line":43,"column":48}},"21":{"start":{"line":46,"column":10},"end":{"line":46,"column":85}},"22":{"start":{"line":47,"column":10},"end":{"line":47,"column":87}},"23":{"start":{"line":50,"column":10},"end":{"line":52,"column":11}},"24":{"start":{"line":51,"column":12},"end":{"line":51,"column":72}},"25":{"start":{"line":60,"column":18},"end":{"line":60,"column":52}},"26":{"start":{"line":63,"column":4},"end":{"line":68,"column":5}},"27":{"start":{"line":64,"column":6},"end":{"line":67,"column":30}},"28":{"start":{"line":70,"column":4},"end":{"line":70,"column":21}},"29":{"start":{"line":74,"column":4},"end":{"line":74,"column":59}},"30":{"start":{"line":74,"column":43},"end":{"line":74,"column":59}},"31":{"start":{"line":75,"column":4},"end":{"line":75,"column":55}},"32":{"start":{"line":75,"column":41},"end":{"line":75,"column":55}},"33":{"start":{"line":76,"column":4},"end":{"line":76,"column":61}},"34":{"start":{"line":76,"column":44},"end":{"line":76,"column":61}},"35":{"start":{"line":77,"column":4},"end":{"line":77,"column":59}},"36":{"start":{"line":77,"column":43},"end":{"line":77,"column":59}},"37":{"start":{"line":78,"column":4},"end":{"line":78,"column":63}},"38":{"start":{"line":78,"column":45},"end":{"line":78,"column":63}},"39":{"start":{"line":79,"column":4},"end":{"line":79,"column":52}},"40":{"start":{"line":79,"column":36},"end":{"line":79,"column":52}},"41":{"start":{"line":80,"column":4},"end":{"line":80,"column":49}},"42":{"start":{"line":80,"column":33},"end":{"line":80,"column":49}},"43":{"start":{"line":81,"column":4},"end":{"line":81,"column":21}},"44":{"start":{"line":11,"column":13},"end":{"line":11,"column":31}},"45":{"start":{"line":11,"column":13},"end":{"line":83,"column":null}}},"fnMap":{"0":{"name":"(anonymous_2)","decl":{"start":{"line":12,"column":2},"end":{"line":12,"column":31}},"loc":{"start":{"line":12,"column":61},"end":{"line":12,"column":65}}},"1":{"name":"(anonymous_3)","decl":{"start":{"line":14,"column":2},"end":{"line":14,"column":11}},"loc":{"start":{"line":14,"column":56},"end":{"line":56,"column":3}}},"2":{"name":"(anonymous_4)","decl":{"start":{"line":28,"column":14},"end":{"line":28,"column":17}},"loc":{"start":{"line":28,"column":19},"end":{"line":40,"column":9}}},"3":{"name":"(anonymous_5)","decl":{"start":{"line":41,"column":15},"end":{"line":41,"column":16}},"loc":{"start":{"line":41,"column":25},"end":{"line":53,"column":9}}},"4":{"name":"(anonymous_6)","decl":{"start":{"line":58,"column":10},"end":{"line":58,"column":25}},"loc":{"start":{"line":58,"column":38},"end":{"line":71,"column":3}}},"5":{"name":"(anonymous_7)","decl":{"start":{"line":73,"column":10},"end":{"line":73,"column":21}},"loc":{"start":{"line":73,"column":35},"end":{"line":82,"column":3}}}},"branchMap":{"0":{"loc":{"start":{"line":24,"column":21},"end":{"line":24,"column":50}},"type":"binary-expr","locations":[{"start":{"line":24,"column":21},"end":{"line":24,"column":37}},{"start":{"line":24,"column":41},"end":{"line":24,"column":50}}]},"1":{"loc":{"start":{"line":30,"column":29},"end":{"line":30,"column":55}},"type":"binary-expr","locations":[{"start":{"line":30,"column":29},"end":{"line":30,"column":48}},{"start":{"line":30,"column":52},"end":{"line":30,"column":55}}]},"2":{"loc":{"start":{"line":37,"column":10},"end":{"line":39,"column":11}},"type":"if","locations":[{"start":{"line":37,"column":10},"end":{"line":39,"column":11}},{"start":{},"end":{}}]},"3":{"loc":{"start":{"line":43,"column":29},"end":{"line":43,"column":48}},"type":"binary-expr","locations":[{"start":{"line":43,"column":29},"end":{"line":43,"column":41}},{"start":{"line":43,"column":45},"end":{"line":43,"column":48}}]},"4":{"loc":{"start":{"line":50,"column":10},"end":{"line":52,"column":11}},"type":"if","locations":[{"start":{"line":50,"column":10},"end":{"line":52,"column":11}},{"start":{},"end":{}}]},"5":{"loc":{"start":{"line":60,"column":18},"end":{"line":60,"column":52}},"type":"binary-expr","locations":[{"start":{"line":60,"column":18},"end":{"line":60,"column":37}},{"start":{"line":60,"column":41},"end":{"line":60,"column":52}}]},"6":{"loc":{"start":{"line":63,"column":4},"end":{"line":68,"column":5}},"type":"if","locations":[{"start":{"line":63,"column":4},"end":{"line":68,"column":5}},{"start":{},"end":{}}]},"7":{"loc":{"start":{"line":74,"column":4},"end":{"line":74,"column":59}},"type":"if","locations":[{"start":{"line":74,"column":4},"end":{"line":74,"column":59}},{"start":{},"end":{}}]},"8":{"loc":{"start":{"line":75,"column":4},"end":{"line":75,"column":55}},"type":"if","locations":[{"start":{"line":75,"column":4},"end":{"line":75,"column":55}},{"start":{},"end":{}}]},"9":{"loc":{"start":{"line":76,"column":4},"end":{"line":76,"column":61}},"type":"if","locations":[{"start":{"line":76,"column":4},"end":{"line":76,"column":61}},{"start":{},"end":{}}]},"10":{"loc":{"start":{"line":77,"column":4},"end":{"line":77,"column":59}},"type":"if","locations":[{"start":{"line":77,"column":4},"end":{"line":77,"column":59}},{"start":{},"end":{}}]},"11":{"loc":{"start":{"line":78,"column":4},"end":{"line":78,"column":63}},"type":"if","locations":[{"start":{"line":78,"column":4},"end":{"line":78,"column":63}},{"start":{},"end":{}}]},"12":{"loc":{"start":{"line":79,"column":4},"end":{"line":79,"column":52}},"type":"if","locations":[{"start":{"line":79,"column":4},"end":{"line":79,"column":52}},{"start":{},"end":{}}]},"13":{"loc":{"start":{"line":80,"column":4},"end":{"line":80,"column":49}},"type":"if","locations":[{"start":{"line":80,"column":4},"end":{"line":80,"column":49}},{"start":{},"end":{}}]}},"s":{"0":0,"1":0,"2":0,"3":0,"4":0,"5":0,"6":0,"7":0,"8":0,"9":0,"10":0,"11":0,"12":0,"13":0,"14":0,"15":0,"16":0,"17":0,"18":0,"19":0,"20":0,"21":0,"22":0,"23":0,"24":0,"25":0,"26":0,"27":0,"28":0,"29":0,"30":0,"31":0,"32":0,"33":0,"34":0,"35":0,"36":0,"37":0,"38":0,"39":0,"40":0,"41":0,"42":0,"43":0,"44":0,"45":0},"f":{"0":0,"1":0,"2":0,"3":0,"4":0,"5":0},"b":{"0":[0,0],"1":[0,0],"2":[0,0],"3":[0,0],"4":[0,0],"5":[0,0],"6":[0,0],"7":[0,0],"8":[0,0],"9":[0,0],"10":[0,0],"11":[0,0],"12":[0,0],"13":[0,0]}}
,"/Users/mm2/dev_mm/mono/apps/api-nest/src/common/interceptors/prisma-metrics.interceptor.ts": {"path":"/Users/mm2/dev_mm/mono/apps/api-nest/src/common/interceptors/prisma-metrics.interceptor.ts","statementMap":{"0":{"start":{"line":1,"column":0},"end":{"line":1,"column":58}},"1":{"start":{"line":2,"column":0},"end":{"line":2,"column":62}},"2":{"start":{"line":3,"column":0},"end":{"line":3,"column":60}},"3":{"start":{"line":6,"column":7},"end":{"line":113,"column":null}},"4":{"start":{"line":8,"column":21},"end":{"line":8,"column":29}},"5":{"start":{"line":9,"column":21},"end":{"line":9,"column":37}},"6":{"start":{"line":14,"column":4},"end":{"line":14,"column":34}},"7":{"start":{"line":18,"column":26},"end":{"line":18,"column":47}},"8":{"start":{"line":19,"column":31},"end":{"line":19,"column":54}},"9":{"start":{"line":20,"column":27},"end":{"line":20,"column":46}},"10":{"start":{"line":23,"column":4},"end":{"line":44,"column":7}},"11":{"start":{"line":25,"column":26},"end":{"line":25,"column":36}},"12":{"start":{"line":26,"column":23},"end":{"line":26,"column":54}},"13":{"start":{"line":28,"column":8},"end":{"line":40,"column":9}},"14":{"start":{"line":29,"column":10},"end":{"line":39,"column":15}},"15":{"start":{"line":31,"column":31},"end":{"line":31,"column":53}},"16":{"start":{"line":32,"column":14},"end":{"line":32,"column":76}},"17":{"start":{"line":33,"column":14},"end":{"line":33,"column":26}},"18":{"start":{"line":36,"column":31},"end":{"line":36,"column":53}},"19":{"start":{"line":37,"column":14},"end":{"line":37,"column":77}},"20":{"start":{"line":38,"column":14},"end":{"line":38,"column":26}},"21":{"start":{"line":42,"column":8},"end":{"line":42,"column":22}},"22":{"start":{"line":47,"column":4},"end":{"line":68,"column":7}},"23":{"start":{"line":49,"column":26},"end":{"line":49,"column":36}},"24":{"start":{"line":50,"column":23},"end":{"line":50,"column":54}},"25":{"start":{"line":52,"column":8},"end":{"line":64,"column":9}},"26":{"start":{"line":53,"column":10},"end":{"line":63,"column":15}},"27":{"start":{"line":55,"column":31},"end":{"line":55,"column":53}},"28":{"start":{"line":56,"column":14},"end":{"line":56,"column":78}},"29":{"start":{"line":57,"column":14},"end":{"line":57,"column":26}},"30":{"start":{"line":60,"column":31},"end":{"line":60,"column":53}},"31":{"start":{"line":61,"column":14},"end":{"line":61,"column":79}},"32":{"start":{"line":62,"column":14},"end":{"line":62,"column":26}},"33":{"start":{"line":66,"column":8},"end":{"line":66,"column":22}},"34":{"start":{"line":71,"column":19},"end":{"line":71,"column":79}},"35":{"start":{"line":73,"column":4},"end":{"line":78,"column":7}},"36":{"start":{"line":74,"column":20},"end":{"line":74,"column":49}},"37":{"start":{"line":75,"column":6},"end":{"line":77,"column":7}},"38":{"start":{"line":76,"column":8},"end":{"line":76,"column":57}},"39":{"start":{"line":82,"column":23},"end":{"line":82,"column":120}},"40":{"start":{"line":84,"column":4},"end":{"line":111,"column":7}},"41":{"start":{"line":85,"column":6},"end":{"line":110,"column":7}},"42":{"start":{"line":86,"column":34},"end":{"line":86,"column":50}},"43":{"start":{"line":88,"column":8},"end":{"line":109,"column":11}},"44":{"start":{"line":90,"column":30},"end":{"line":90,"column":40}},"45":{"start":{"line":91,"column":27},"end":{"line":91,"column":58}},"46":{"start":{"line":93,"column":12},"end":{"line":105,"column":13}},"47":{"start":{"line":94,"column":14},"end":{"line":104,"column":19}},"48":{"start":{"line":96,"column":35},"end":{"line":96,"column":57}},"49":{"start":{"line":97,"column":18},"end":{"line":97,"column":91}},"50":{"start":{"line":98,"column":18},"end":{"line":98,"column":30}},"51":{"start":{"line":101,"column":35},"end":{"line":101,"column":57}},"52":{"start":{"line":102,"column":18},"end":{"line":102,"column":92}},"53":{"start":{"line":103,"column":18},"end":{"line":103,"column":30}},"54":{"start":{"line":107,"column":12},"end":{"line":107,"column":26}},"55":{"start":{"line":6,"column":13},"end":{"line":6,"column":33}},"56":{"start":{"line":6,"column":13},"end":{"line":113,"column":null}}},"fnMap":{"0":{"name":"(anonymous_2)","decl":{"start":{"line":7,"column":2},"end":{"line":7,"column":null}},"loc":{"start":{"line":9,"column":51},"end":{"line":10,"column":6}}},"1":{"name":"(anonymous_3)","decl":{"start":{"line":12,"column":2},"end":{"line":12,"column":14}},"loc":{"start":{"line":12,"column":14},"end":{"line":15,"column":3}}},"2":{"name":"(anonymous_4)","decl":{"start":{"line":17,"column":10},"end":{"line":17,"column":32}},"loc":{"start":{"line":17,"column":32},"end":{"line":79,"column":3}}},"3":{"name":"(anonymous_5)","decl":{"start":{"line":24,"column":6},"end":{"line":24,"column":11}},"loc":{"start":{"line":24,"column":37},"end":{"line":43,"column":7}}},"4":{"name":"(anonymous_6)","decl":{"start":{"line":30,"column":18},"end":{"line":30,"column":19}},"loc":{"start":{"line":30,"column":27},"end":{"line":34,"column":13}}},"5":{"name":"(anonymous_7)","decl":{"start":{"line":35,"column":19},"end":{"line":35,"column":20}},"loc":{"start":{"line":35,"column":29},"end":{"line":39,"column":13}}},"6":{"name":"(anonymous_8)","decl":{"start":{"line":48,"column":6},"end":{"line":48,"column":11}},"loc":{"start":{"line":48,"column":37},"end":{"line":67,"column":7}}},"7":{"name":"(anonymous_9)","decl":{"start":{"line":54,"column":18},"end":{"line":54,"column":19}},"loc":{"start":{"line":54,"column":27},"end":{"line":58,"column":13}}},"8":{"name":"(anonymous_10)","decl":{"start":{"line":59,"column":19},"end":{"line":59,"column":20}},"loc":{"start":{"line":59,"column":29},"end":{"line":63,"column":13}}},"9":{"name":"(anonymous_11)","decl":{"start":{"line":73,"column":19},"end":{"line":73,"column":20}},"loc":{"start":{"line":73,"column":33},"end":{"line":78,"column":5}}},"10":{"name":"(anonymous_12)","decl":{"start":{"line":81,"column":10},"end":{"line":81,"column":35}},"loc":{"start":{"line":81,"column":65},"end":{"line":112,"column":3}}},"11":{"name":"(anonymous_13)","decl":{"start":{"line":84,"column":23},"end":{"line":84,"column":24}},"loc":{"start":{"line":84,"column":37},"end":{"line":111,"column":5}}},"12":{"name":"(anonymous_14)","decl":{"start":{"line":89,"column":17},"end":{"line":89,"column":18}},"loc":{"start":{"line":89,"column":47},"end":{"line":108,"column":11}}},"13":{"name":"(anonymous_15)","decl":{"start":{"line":95,"column":22},"end":{"line":95,"column":23}},"loc":{"start":{"line":95,"column":31},"end":{"line":99,"column":17}}},"14":{"name":"(anonymous_16)","decl":{"start":{"line":100,"column":23},"end":{"line":100,"column":24}},"loc":{"start":{"line":100,"column":33},"end":{"line":104,"column":17}}}},"branchMap":{"0":{"loc":{"start":{"line":28,"column":8},"end":{"line":40,"column":9}},"type":"if","locations":[{"start":{"line":28,"column":8},"end":{"line":40,"column":9}},{"start":{},"end":{}}]},"1":{"loc":{"start":{"line":52,"column":8},"end":{"line":64,"column":9}},"type":"if","locations":[{"start":{"line":52,"column":8},"end":{"line":64,"column":9}},{"start":{},"end":{}}]},"2":{"loc":{"start":{"line":75,"column":6},"end":{"line":77,"column":7}},"type":"if","locations":[{"start":{"line":75,"column":6},"end":{"line":77,"column":7}},{"start":{},"end":{}}]},"3":{"loc":{"start":{"line":85,"column":6},"end":{"line":110,"column":7}},"type":"if","locations":[{"start":{"line":85,"column":6},"end":{"line":110,"column":7}},{"start":{},"end":{}}]},"4":{"loc":{"start":{"line":93,"column":12},"end":{"line":105,"column":13}},"type":"if","locations":[{"start":{"line":93,"column":12},"end":{"line":105,"column":13}},{"start":{},"end":{}}]}},"s":{"0":0,"1":0,"2":0,"3":0,"4":0,"5":0,"6":0,"7":0,"8":0,"9":0,"10":0,"11":0,"12":0,"13":0,"14":0,"15":0,"16":0,"17":0,"18":0,"19":0,"20":0,"21":0,"22":0,"23":0,"24":0,"25":0,"26":0,"27":0,"28":0,"29":0,"30":0,"31":0,"32":0,"33":0,"34":0,"35":0,"36":0,"37":0,"38":0,"39":0,"40":0,"41":0,"42":0,"43":0,"44":0,"45":0,"46":0,"47":0,"48":0,"49":0,"50":0,"51":0,"52":0,"53":0,"54":0,"55":0,"56":0},"f":{"0":0,"1":0,"2":0,"3":0,"4":0,"5":0,"6":0,"7":0,"8":0,"9":0,"10":0,"11":0,"12":0,"13":0,"14":0},"b":{"0":[0,0],"1":[0,0],"2":[0,0],"3":[0,0],"4":[0,0]}}
,"/Users/mm2/dev_mm/mono/apps/api-nest/src/common/metrics/metrics.controller.ts": {"path":"/Users/mm2/dev_mm/mono/apps/api-nest/src/common/metrics/metrics.controller.ts","statementMap":{"0":{"start":{"line":1,"column":0},"end":{"line":1,"column":54}},"1":{"start":{"line":2,"column":0},"end":{"line":2,"column":69}},"2":{"start":{"line":4,"column":0},"end":{"line":4,"column":39}},"3":{"start":{"line":5,"column":0},"end":{"line":5,"column":61}},"4":{"start":{"line":6,"column":0},"end":{"line":6,"column":51}},"5":{"start":{"line":10,"column":7},"end":{"line":57,"column":null}},"6":{"start":{"line":11,"column":31},"end":{"line":11,"column":47}},"7":{"start":{"line":27,"column":20},"end":{"line":27,"column":44}},"8":{"start":{"line":28,"column":4},"end":{"line":28,"column":58}},"9":{"start":{"line":29,"column":4},"end":{"line":29,"column":27}},"10":{"start":{"line":52,"column":4},"end":{"line":55,"column":6}},"11":{"start":{"line":10,"column":13},"end":{"line":10,"column":30}},"12":{"start":{"line":26,"column":8},"end":{"line":30,"column":null}},"13":{"start":{"line":51,"column":8},"end":{"line":56,"column":null}},"14":{"start":{"line":10,"column":13},"end":{"line":57,"column":null}}},"fnMap":{"0":{"name":"(anonymous_4)","decl":{"start":{"line":11,"column":2},"end":{"line":11,"column":31}},"loc":{"start":{"line":11,"column":61},"end":{"line":11,"column":65}}},"1":{"name":"(anonymous_5)","decl":{"start":{"line":26,"column":8},"end":{"line":26,"column":18}},"loc":{"start":{"line":26,"column":48},"end":{"line":30,"column":3}}},"2":{"name":"(anonymous_6)","decl":{"start":{"line":51,"column":8},"end":{"line":51,"column":25}},"loc":{"start":{"line":51,"column":25},"end":{"line":56,"column":3}}}},"branchMap":{},"s":{"0":0,"1":0,"2":0,"3":0,"4":0,"5":0,"6":0,"7":0,"8":0,"9":0,"10":0,"11":0,"12":0,"13":0,"14":0},"f":{"0":0,"1":0,"2":0},"b":{}}
,"/Users/mm2/dev_mm/mono/apps/api-nest/src/common/metrics/metrics.module.ts": {"path":"/Users/mm2/dev_mm/mono/apps/api-nest/src/common/metrics/metrics.module.ts","statementMap":{"0":{"start":{"line":1,"column":0},"end":{"line":1,"column":40}},"1":{"start":{"line":2,"column":0},"end":{"line":2,"column":63}},"2":{"start":{"line":3,"column":0},"end":{"line":3,"column":51}},"3":{"start":{"line":4,"column":0},"end":{"line":4,"column":57}},"4":{"start":{"line":26,"column":7},"end":{"line":26,"column":null}},"5":{"start":{"line":26,"column":13},"end":{"line":26,"column":26}},"6":{"start":{"line":26,"column":13},"end":{"line":26,"column":null}}},"fnMap":{},"branchMap":{"0":{"loc":{"start":{"line":11,"column":17},"end":{"line":11,"column":59}},"type":"binary-expr","locations":[{"start":{"line":11,"column":17},"end":{"line":11,"column":48}},{"start":{"line":11,"column":52},"end":{"line":11,"column":59}}]},"1":{"loc":{"start":{"line":12,"column":21},"end":{"line":12,"column":58}},"type":"binary-expr","locations":[{"start":{"line":12,"column":21},"end":{"line":12,"column":41}},{"start":{"line":12,"column":45},"end":{"line":12,"column":58}}]}},"s":{"0":0,"1":0,"2":0,"3":0,"4":0,"5":0,"6":0},"f":{},"b":{"0":[0,0],"1":[0,0]}}
,"/Users/mm2/dev_mm/mono/apps/api-nest/src/common/metrics/metrics.service.ts": {"path":"/Users/mm2/dev_mm/mono/apps/api-nest/src/common/metrics/metrics.service.ts","statementMap":{"0":{"start":{"line":1,"column":0},"end":{"line":1,"column":44}},"1":{"start":{"line":2,"column":0},"end":{"line":2,"column":59}},"2":{"start":{"line":3,"column":0},"end":{"line":3,"column":66}},"3":{"start":{"line":6,"column":7},"end":{"line":202,"column":null}},"4":{"start":{"line":9,"column":21},"end":{"line":9,"column":40}},"5":{"start":{"line":12,"column":21},"end":{"line":12,"column":42}},"6":{"start":{"line":15,"column":21},"end":{"line":15,"column":40}},"7":{"start":{"line":18,"column":21},"end":{"line":18,"column":44}},"8":{"start":{"line":21,"column":21},"end":{"line":21,"column":43}},"9":{"start":{"line":24,"column":21},"end":{"line":24,"column":43}},"10":{"start":{"line":27,"column":21},"end":{"line":27,"column":34}},"11":{"start":{"line":30,"column":21},"end":{"line":30,"column":42}},"12":{"start":{"line":33,"column":4},"end":{"line":33,"column":33}},"13":{"start":{"line":38,"column":4},"end":{"line":45,"column":5}},"14":{"start":{"line":39,"column":6},"end":{"line":44,"column":9}},"15":{"start":{"line":48,"column":4},"end":{"line":56,"column":5}},"16":{"start":{"line":49,"column":6},"end":{"line":55,"column":9}},"17":{"start":{"line":59,"column":4},"end":{"line":66,"column":5}},"18":{"start":{"line":60,"column":6},"end":{"line":65,"column":9}},"19":{"start":{"line":69,"column":4},"end":{"line":76,"column":5}},"20":{"start":{"line":70,"column":6},"end":{"line":75,"column":9}},"21":{"start":{"line":79,"column":4},"end":{"line":86,"column":5}},"22":{"start":{"line":80,"column":6},"end":{"line":85,"column":9}},"23":{"start":{"line":89,"column":4},"end":{"line":96,"column":5}},"24":{"start":{"line":90,"column":6},"end":{"line":95,"column":9}},"25":{"start":{"line":99,"column":4},"end":{"line":106,"column":5}},"26":{"start":{"line":100,"column":6},"end":{"line":105,"column":9}},"27":{"start":{"line":109,"column":4},"end":{"line":116,"column":5}},"28":{"start":{"line":110,"column":6},"end":{"line":115,"column":9}},"29":{"start":{"line":121,"column":4},"end":{"line":126,"column":7}},"30":{"start":{"line":130,"column":4},"end":{"line":137,"column":6}},"31":{"start":{"line":142,"column":4},"end":{"line":145,"column":7}},"32":{"start":{"line":150,"column":4},"end":{"line":154,"column":7}},"33":{"start":{"line":159,"column":4},"end":{"line":163,"column":7}},"34":{"start":{"line":168,"column":4},"end":{"line":171,"column":7}},"35":{"start":{"line":176,"column":4},"end":{"line":176,"column":42}},"36":{"start":{"line":181,"column":4},"end":{"line":184,"column":7}},"37":{"start":{"line":189,"column":21},"end":{"line":189,"column":29}},"38":{"start":{"line":190,"column":20},"end":{"line":190,"column":53}},"39":{"start":{"line":192,"column":4},"end":{"line":200,"column":6}},"40":{"start":{"line":194,"column":38},"end":{"line":194,"column":70}},"41":{"start":{"line":195,"column":38},"end":{"line":195,"column":70}},"42":{"start":{"line":196,"column":42},"end":{"line":196,"column":78}},"43":{"start":{"line":197,"column":41},"end":{"line":197,"column":76}},"44":{"start":{"line":198,"column":41},"end":{"line":198,"column":76}},"45":{"start":{"line":199,"column":37},"end":{"line":199,"column":62}},"46":{"start":{"line":6,"column":13},"end":{"line":6,"column":27}},"47":{"start":{"line":6,"column":13},"end":{"line":202,"column":null}}},"fnMap":{"0":{"name":"(anonymous_4)","decl":{"start":{"line":7,"column":2},"end":{"line":7,"column":null}},"loc":{"start":{"line":30,"column":57},"end":{"line":34,"column":3}}},"1":{"name":"(anonymous_5)","decl":{"start":{"line":36,"column":10},"end":{"line":36,"column":31}},"loc":{"start":{"line":36,"column":31},"end":{"line":117,"column":3}}},"2":{"name":"(anonymous_6)","decl":{"start":{"line":120,"column":2},"end":{"line":120,"column":23}},"loc":{"start":{"line":120,"column":87},"end":{"line":127,"column":3}}},"3":{"name":"(anonymous_7)","decl":{"start":{"line":129,"column":2},"end":{"line":129,"column":21}},"loc":{"start":{"line":129,"column":89},"end":{"line":138,"column":3}}},"4":{"name":"(anonymous_8)","decl":{"start":{"line":141,"column":2},"end":{"line":141,"column":23}},"loc":{"start":{"line":141,"column":56},"end":{"line":146,"column":3}}},"5":{"name":"(anonymous_9)","decl":{"start":{"line":149,"column":2},"end":{"line":149,"column":27}},"loc":{"start":{"line":149,"column":78},"end":{"line":155,"column":3}}},"6":{"name":"(anonymous_10)","decl":{"start":{"line":158,"column":2},"end":{"line":158,"column":26}},"loc":{"start":{"line":158,"column":77},"end":{"line":164,"column":3}}},"7":{"name":"(anonymous_11)","decl":{"start":{"line":167,"column":2},"end":{"line":167,"column":26}},"loc":{"start":{"line":167,"column":73},"end":{"line":172,"column":3}}},"8":{"name":"(anonymous_12)","decl":{"start":{"line":175,"column":2},"end":{"line":175,"column":16}},"loc":{"start":{"line":175,"column":44},"end":{"line":177,"column":3}}},"9":{"name":"(anonymous_13)","decl":{"start":{"line":180,"column":2},"end":{"line":180,"column":25}},"loc":{"start":{"line":180,"column":64},"end":{"line":185,"column":3}}},"10":{"name":"(anonymous_14)","decl":{"start":{"line":188,"column":2},"end":{"line":188,"column":7}},"loc":{"start":{"line":188,"column":25},"end":{"line":201,"column":3}}},"11":{"name":"(anonymous_15)","decl":{"start":{"line":194,"column":33},"end":{"line":194,"column":34}},"loc":{"start":{"line":194,"column":38},"end":{"line":194,"column":70}}},"12":{"name":"(anonymous_16)","decl":{"start":{"line":195,"column":33},"end":{"line":195,"column":34}},"loc":{"start":{"line":195,"column":38},"end":{"line":195,"column":70}}},"13":{"name":"(anonymous_17)","decl":{"start":{"line":196,"column":37},"end":{"line":196,"column":38}},"loc":{"start":{"line":196,"column":42},"end":{"line":196,"column":78}}},"14":{"name":"(anonymous_18)","decl":{"start":{"line":197,"column":36},"end":{"line":197,"column":37}},"loc":{"start":{"line":197,"column":41},"end":{"line":197,"column":76}}},"15":{"name":"(anonymous_19)","decl":{"start":{"line":198,"column":36},"end":{"line":198,"column":37}},"loc":{"start":{"line":198,"column":41},"end":{"line":198,"column":76}}},"16":{"name":"(anonymous_20)","decl":{"start":{"line":199,"column":32},"end":{"line":199,"column":33}},"loc":{"start":{"line":199,"column":37},"end":{"line":199,"column":62}}}},"branchMap":{"0":{"loc":{"start":{"line":38,"column":4},"end":{"line":45,"column":5}},"type":"if","locations":[{"start":{"line":38,"column":4},"end":{"line":45,"column":5}},{"start":{},"end":{}}]},"1":{"loc":{"start":{"line":48,"column":4},"end":{"line":56,"column":5}},"type":"if","locations":[{"start":{"line":48,"column":4},"end":{"line":56,"column":5}},{"start":{},"end":{}}]},"2":{"loc":{"start":{"line":59,"column":4},"end":{"line":66,"column":5}},"type":"if","locations":[{"start":{"line":59,"column":4},"end":{"line":66,"column":5}},{"start":{},"end":{}}]},"3":{"loc":{"start":{"line":69,"column":4},"end":{"line":76,"column":5}},"type":"if","locations":[{"start":{"line":69,"column":4},"end":{"line":76,"column":5}},{"start":{},"end":{}}]},"4":{"loc":{"start":{"line":79,"column":4},"end":{"line":86,"column":5}},"type":"if","locations":[{"start":{"line":79,"column":4},"end":{"line":86,"column":5}},{"start":{},"end":{}}]},"5":{"loc":{"start":{"line":89,"column":4},"end":{"line":96,"column":5}},"type":"if","locations":[{"start":{"line":89,"column":4},"end":{"line":96,"column":5}},{"start":{},"end":{}}]},"6":{"loc":{"start":{"line":99,"column":4},"end":{"line":106,"column":5}},"type":"if","locations":[{"start":{"line":99,"column":4},"end":{"line":106,"column":5}},{"start":{},"end":{}}]},"7":{"loc":{"start":{"line":109,"column":4},"end":{"line":116,"column":5}},"type":"if","locations":[{"start":{"line":109,"column":4},"end":{"line":116,"column":5}},{"start":{},"end":{}}]}},"s":{"0":0,"1":0,"2":0,"3":0,"4":0,"5":0,"6":0,"7":0,"8":0,"9":0,"10":0,"11":0,"12":0,"13":0,"14":0,"15":0,"16":0,"17":0,"18":0,"19":0,"20":0,"21":0,"22":0,"23":0,"24":0,"25":0,"26":0,"27":0,"28":0,"29":0,"30":0,"31":0,"32":0,"33":0,"34":0,"35":0,"36":0,"37":0,"38":0,"39":0,"40":0,"41":0,"42":0,"43":0,"44":0,"45":0,"46":0,"47":0},"f":{"0":0,"1":0,"2":0,"3":0,"4":0,"5":0,"6":0,"7":0,"8":0,"9":0,"10":0,"11":0,"12":0,"13":0,"14":0,"15":0,"16":0},"b":{"0":[0,0],"1":[0,0],"2":[0,0],"3":[0,0],"4":[0,0],"5":[0,0],"6":[0,0],"7":[0,0]}}
,"/Users/mm2/dev_mm/mono/apps/api-nest/src/common/prisma/prisma.module.ts": {"path":"/Users/mm2/dev_mm/mono/apps/api-nest/src/common/prisma/prisma.module.ts","statementMap":{"0":{"start":{"line":1,"column":0},"end":{"line":1,"column":48}},"1":{"start":{"line":2,"column":0},"end":{"line":2,"column":49}},"2":{"start":{"line":3,"column":0},"end":{"line":3,"column":82}},"3":{"start":{"line":13,"column":7},"end":{"line":13,"column":null}},"4":{"start":{"line":13,"column":13},"end":{"line":13,"column":25}},"5":{"start":{"line":13,"column":13},"end":{"line":13,"column":null}}},"fnMap":{},"branchMap":{},"s":{"0":0,"1":0,"2":0,"3":0,"4":0,"5":0},"f":{},"b":{}}
,"/Users/mm2/dev_mm/mono/apps/api-nest/src/common/prisma/prisma.service.ts": {"path":"/Users/mm2/dev_mm/mono/apps/api-nest/src/common/prisma/prisma.service.ts","statementMap":{"0":{"start":{"line":1,"column":0},"end":{"line":1,"column":75}},"1":{"start":{"line":2,"column":0},"end":{"line":2,"column":46}},"2":{"start":{"line":5,"column":7},"end":{"line":41,"column":null}},"3":{"start":{"line":7,"column":4},"end":{"line":10,"column":7}},"4":{"start":{"line":14,"column":4},"end":{"line":14,"column":26}},"5":{"start":{"line":15,"column":4},"end":{"line":15,"column":50}},"6":{"start":{"line":19,"column":4},"end":{"line":19,"column":29}},"7":{"start":{"line":20,"column":4},"end":{"line":20,"column":55}},"8":{"start":{"line":25,"column":4},"end":{"line":27,"column":5}},"9":{"start":{"line":26,"column":6},"end":{"line":26,"column":70}},"10":{"start":{"line":30,"column":23},"end":{"line":31,"column":null}},"11":{"start":{"line":31,"column":15},"end":{"line":31,"column":73}},"12":{"start":{"line":35,"column":4},"end":{"line":39,"column":6}},"13":{"start":{"line":37,"column":8},"end":{"line":37,"column":67}},"14":{"start":{"line":5,"column":13},"end":{"line":5,"column":26}},"15":{"start":{"line":5,"column":13},"end":{"line":41,"column":null}}},"fnMap":{"0":{"name":"(anonymous_2)","decl":{"start":{"line":6,"column":2},"end":{"line":6,"column":null}},"loc":{"start":{"line":6,"column":2},"end":{"line":11,"column":3}}},"1":{"name":"(anonymous_3)","decl":{"start":{"line":13,"column":2},"end":{"line":13,"column":7}},"loc":{"start":{"line":13,"column":20},"end":{"line":16,"column":3}}},"2":{"name":"(anonymous_4)","decl":{"start":{"line":18,"column":2},"end":{"line":18,"column":7}},"loc":{"start":{"line":18,"column":23},"end":{"line":21,"column":3}}},"3":{"name":"(anonymous_5)","decl":{"start":{"line":24,"column":2},"end":{"line":24,"column":7}},"loc":{"start":{"line":24,"column":21},"end":{"line":40,"column":3}}},"4":{"name":"(anonymous_6)","decl":{"start":{"line":31,"column":6},"end":{"line":31,"column":7}},"loc":{"start":{"line":31,"column":15},"end":{"line":31,"column":73}}},"5":{"name":"(anonymous_7)","decl":{"start":{"line":36,"column":21},"end":{"line":36,"column":22}},"loc":{"start":{"line":36,"column":35},"end":{"line":38,"column":7}}}},"branchMap":{"0":{"loc":{"start":{"line":8,"column":11},"end":{"line":8,"column":98}},"type":"cond-expr","locations":[{"start":{"line":8,"column":52},"end":{"line":8,"column":86}},{"start":{"line":8,"column":89},"end":{"line":8,"column":98}}]},"1":{"loc":{"start":{"line":25,"column":4},"end":{"line":27,"column":5}},"type":"if","locations":[{"start":{"line":25,"column":4},"end":{"line":27,"column":5}},{"start":{},"end":{}}]},"2":{"loc":{"start":{"line":31,"column":15},"end":{"line":31,"column":73}},"type":"binary-expr","locations":[{"start":{"line":31,"column":15},"end":{"line":31,"column":26}},{"start":{"line":31,"column":30},"end":{"line":31,"column":73}}]}},"s":{"0":0,"1":0,"2":0,"3":0,"4":0,"5":0,"6":0,"7":0,"8":0,"9":0,"10":0,"11":0,"12":0,"13":0,"14":0,"15":0},"f":{"0":0,"1":0,"2":0,"3":0,"4":0,"5":0},"b":{"0":[0,0],"1":[0,0],"2":[0,0]}}
,"/Users/mm2/dev_mm/mono/apps/api-nest/src/common/redis/redis.module.ts": {"path":"/Users/mm2/dev_mm/mono/apps/api-nest/src/common/redis/redis.module.ts","statementMap":{"0":{"start":{"line":1,"column":0},"end":{"line":1,"column":48}},"1":{"start":{"line":2,"column":0},"end":{"line":2,"column":52}},"2":{"start":{"line":3,"column":0},"end":{"line":3,"column":61}},"3":{"start":{"line":4,"column":0},"end":{"line":4,"column":55}},"4":{"start":{"line":5,"column":0},"end":{"line":5,"column":47}},"5":{"start":{"line":33,"column":7},"end":{"line":33,"column":null}},"6":{"start":{"line":33,"column":13},"end":{"line":33,"column":24}},"7":{"start":{"line":33,"column":13},"end":{"line":33,"column":null}},"8":{"start":{"line":13,"column":22},"end":{"line":20,"column":10}},"9":{"start":{"line":22,"column":8},"end":{"line":25,"column":10}},"10":{"start":{"line":23,"column":23},"end":{"line":23,"column":28}}},"fnMap":{"0":{"name":"(anonymous_1)","decl":{"start":{"line":12,"column":18},"end":{"line":12,"column":23}},"loc":{"start":{"line":12,"column":57},"end":{"line":26,"column":7}}},"1":{"name":"(anonymous_2)","decl":{"start":{"line":23,"column":17},"end":{"line":23,"column":20}},"loc":{"start":{"line":23,"column":23},"end":{"line":23,"column":28}}}},"branchMap":{},"s":{"0":0,"1":0,"2":0,"3":0,"4":0,"5":0,"6":0,"7":0,"8":0,"9":0,"10":0},"f":{"0":0,"1":0},"b":{}}
,"/Users/mm2/dev_mm/mono/apps/api-nest/src/common/redis/redis.service.ts": {"path":"/Users/mm2/dev_mm/mono/apps/api-nest/src/common/redis/redis.service.ts","statementMap":{"0":{"start":{"line":1,"column":0},"end":{"line":1,"column":52}},"1":{"start":{"line":2,"column":0},"end":{"line":2,"column":54}},"2":{"start":{"line":4,"column":0},"end":{"line":4,"column":54}},"3":{"start":{"line":5,"column":0},"end":{"line":5,"column":47}},"4":{"start":{"line":6,"column":0},"end":{"line":6,"column":60}},"5":{"start":{"line":9,"column":7},"end":{"line":124,"column":null}},"6":{"start":{"line":13,"column":35},"end":{"line":13,"column":54}},"7":{"start":{"line":14,"column":12},"end":{"line":14,"column":27}},"8":{"start":{"line":15,"column":12},"end":{"line":15,"column":28}},"9":{"start":{"line":17,"column":4},"end":{"line":17,"column":33}},"10":{"start":{"line":21,"column":4},"end":{"line":27,"column":7}},"11":{"start":{"line":29,"column":4},"end":{"line":29,"column":84}},"12":{"start":{"line":29,"column":42},"end":{"line":29,"column":82}},"13":{"start":{"line":30,"column":4},"end":{"line":30,"column":37}},"14":{"start":{"line":31,"column":4},"end":{"line":31,"column":44}},"15":{"start":{"line":36,"column":19},"end":{"line":36,"column":54}},"16":{"start":{"line":37,"column":16},"end":{"line":37,"column":55}},"17":{"start":{"line":38,"column":4},"end":{"line":38,"column":61}},"18":{"start":{"line":39,"column":4},"end":{"line":39,"column":18}},"19":{"start":{"line":43,"column":4},"end":{"line":49,"column":5}},"20":{"start":{"line":44,"column":6},"end":{"line":44,"column":51}},"21":{"start":{"line":45,"column":6},"end":{"line":45,"column":64}},"22":{"start":{"line":47,"column":6},"end":{"line":47,"column":65}},"23":{"start":{"line":48,"column":6},"end":{"line":48,"column":18}},"24":{"start":{"line":53,"column":4},"end":{"line":59,"column":5}},"25":{"start":{"line":54,"column":6},"end":{"line":54,"column":39}},"26":{"start":{"line":55,"column":6},"end":{"line":55,"column":64}},"27":{"start":{"line":57,"column":6},"end":{"line":57,"column":65}},"28":{"start":{"line":58,"column":6},"end":{"line":58,"column":18}},"29":{"start":{"line":64,"column":19},"end":{"line":64,"column":50}},"30":{"start":{"line":65,"column":4},"end":{"line":67,"column":5}},"31":{"start":{"line":66,"column":6},"end":{"line":66,"column":26}},"32":{"start":{"line":72,"column":4},"end":{"line":72,"column":28}},"33":{"start":{"line":77,"column":4},"end":{"line":77,"column":39}},"34":{"start":{"line":81,"column":4},"end":{"line":81,"column":41}},"35":{"start":{"line":85,"column":4},"end":{"line":85,"column":35}},"36":{"start":{"line":90,"column":19},"end":{"line":90,"column":73}},"37":{"start":{"line":90,"column":55},"end":{"line":90,"column":71}},"38":{"start":{"line":91,"column":4},"end":{"line":91,"column":40}},"39":{"start":{"line":91,"column":29},"end":{"line":91,"column":38}},"40":{"start":{"line":95,"column":4},"end":{"line":95,"column":85}},"41":{"start":{"line":95,"column":42},"end":{"line":95,"column":82}},"42":{"start":{"line":100,"column":17},"end":{"line":100,"column":53}},"43":{"start":{"line":101,"column":4},"end":{"line":103,"column":5}},"44":{"start":{"line":102,"column":6},"end":{"line":102,"column":39}},"45":{"start":{"line":108,"column":4},"end":{"line":108,"column":41}},"46":{"start":{"line":112,"column":4},"end":{"line":112,"column":41}},"47":{"start":{"line":116,"column":4},"end":{"line":116,"column":43}},"48":{"start":{"line":121,"column":4},"end":{"line":121,"column":34}},"49":{"start":{"line":122,"column":4},"end":{"line":122,"column":47}},"50":{"start":{"line":9,"column":13},"end":{"line":9,"column":25}},"51":{"start":{"line":9,"column":13},"end":{"line":124,"column":null}}},"fnMap":{"0":{"name":"(anonymous_4)","decl":{"start":{"line":12,"column":2},"end":{"line":12,"column":null}},"loc":{"start":{"line":15,"column":42},"end":{"line":18,"column":3}}},"1":{"name":"(anonymous_5)","decl":{"start":{"line":20,"column":10},"end":{"line":20,"column":15}},"loc":{"start":{"line":20,"column":37},"end":{"line":32,"column":3}}},"2":{"name":"(anonymous_6)","decl":{"start":{"line":29,"column":33},"end":{"line":29,"column":34}},"loc":{"start":{"line":29,"column":42},"end":{"line":29,"column":82}}},"3":{"name":"(anonymous_7)","decl":{"start":{"line":35,"column":2},"end":{"line":35,"column":7}},"loc":{"start":{"line":35,"column":26},"end":{"line":40,"column":3}}},"4":{"name":"(anonymous_8)","decl":{"start":{"line":42,"column":2},"end":{"line":42,"column":7}},"loc":{"start":{"line":42,"column":49},"end":{"line":50,"column":3}}},"5":{"name":"(anonymous_9)","decl":{"start":{"line":52,"column":2},"end":{"line":52,"column":7}},"loc":{"start":{"line":52,"column":23},"end":{"line":60,"column":3}}},"6":{"name":"(anonymous_10)","decl":{"start":{"line":62,"column":2},"end":{"line":62,"column":7}},"loc":{"start":{"line":62,"column":13},"end":{"line":68,"column":3}}},"7":{"name":"(anonymous_11)","decl":{"start":{"line":71,"column":2},"end":{"line":71,"column":11}},"loc":{"start":{"line":71,"column":11},"end":{"line":73,"column":3}}},"8":{"name":"(anonymous_12)","decl":{"start":{"line":76,"column":2},"end":{"line":76,"column":14}},"loc":{"start":{"line":76,"column":44},"end":{"line":78,"column":3}}},"9":{"name":"(anonymous_13)","decl":{"start":{"line":80,"column":2},"end":{"line":80,"column":15}},"loc":{"start":{"line":80,"column":46},"end":{"line":82,"column":3}}},"10":{"name":"(anonymous_14)","decl":{"start":{"line":84,"column":2},"end":{"line":84,"column":12}},"loc":{"start":{"line":84,"column":40},"end":{"line":86,"column":3}}},"11":{"name":"(anonymous_15)","decl":{"start":{"line":89,"column":2},"end":{"line":89,"column":7}},"loc":{"start":{"line":89,"column":30},"end":{"line":92,"column":3}}},"12":{"name":"(anonymous_16)","decl":{"start":{"line":90,"column":46},"end":{"line":90,"column":47}},"loc":{"start":{"line":90,"column":55},"end":{"line":90,"column":71}}},"13":{"name":"(anonymous_17)","decl":{"start":{"line":91,"column":22},"end":{"line":91,"column":23}},"loc":{"start":{"line":91,"column":29},"end":{"line":91,"column":38}}},"14":{"name":"(anonymous_18)","decl":{"start":{"line":94,"column":2},"end":{"line":94,"column":7}},"loc":{"start":{"line":94,"column":63},"end":{"line":96,"column":3}}},"15":{"name":"(anonymous_19)","decl":{"start":{"line":95,"column":32},"end":{"line":95,"column":33}},"loc":{"start":{"line":95,"column":42},"end":{"line":95,"column":82}}},"16":{"name":"(anonymous_20)","decl":{"start":{"line":99,"column":2},"end":{"line":99,"column":7}},"loc":{"start":{"line":99,"column":34},"end":{"line":104,"column":3}}},"17":{"name":"(anonymous_21)","decl":{"start":{"line":107,"column":2},"end":{"line":107,"column":7}},"loc":{"start":{"line":107,"column":12},"end":{"line":109,"column":3}}},"18":{"name":"(anonymous_22)","decl":{"start":{"line":111,"column":2},"end":{"line":111,"column":7}},"loc":{"start":{"line":111,"column":12},"end":{"line":113,"column":3}}},"19":{"name":"(anonymous_23)","decl":{"start":{"line":115,"column":2},"end":{"line":115,"column":7}},"loc":{"start":{"line":115,"column":14},"end":{"line":117,"column":3}}},"20":{"name":"(anonymous_24)","decl":{"start":{"line":120,"column":2},"end":{"line":120,"column":7}},"loc":{"start":{"line":120,"column":23},"end":{"line":123,"column":3}}}},"branchMap":{"0":{"loc":{"start":{"line":37,"column":16},"end":{"line":37,"column":55}},"type":"binary-expr","locations":[{"start":{"line":37,"column":16},"end":{"line":37,"column":36}},{"start":{"line":37,"column":40},"end":{"line":37,"column":55}}]},"1":{"loc":{"start":{"line":65,"column":4},"end":{"line":67,"column":5}},"type":"if","locations":[{"start":{"line":65,"column":4},"end":{"line":67,"column":5}},{"start":{},"end":{}}]},"2":{"loc":{"start":{"line":65,"column":8},"end":{"line":65,"column":50}},"type":"binary-expr","locations":[{"start":{"line":65,"column":8},"end":{"line":65,"column":13}},{"start":{"line":65,"column":17},"end":{"line":65,"column":50}}]},"3":{"loc":{"start":{"line":91,"column":29},"end":{"line":91,"column":38}},"type":"binary-expr","locations":[{"start":{"line":91,"column":29},"end":{"line":91,"column":30}},{"start":{"line":91,"column":34},"end":{"line":91,"column":38}}]},"4":{"loc":{"start":{"line":101,"column":4},"end":{"line":103,"column":5}},"type":"if","locations":[{"start":{"line":101,"column":4},"end":{"line":103,"column":5}},{"start":{},"end":{}}]}},"s":{"0":0,"1":0,"2":0,"3":0,"4":0,"5":0,"6":0,"7":0,"8":0,"9":0,"10":0,"11":0,"12":0,"13":0,"14":0,"15":0,"16":0,"17":0,"18":0,"19":0,"20":0,"21":0,"22":0,"23":0,"24":0,"25":0,"26":0,"27":0,"28":0,"29":0,"30":0,"31":0,"32":0,"33":0,"34":0,"35":0,"36":0,"37":0,"38":0,"39":0,"40":0,"41":0,"42":0,"43":0,"44":0,"45":0,"46":0,"47":0,"48":0,"49":0,"50":0,"51":0},"f":{"0":0,"1":0,"2":0,"3":0,"4":0,"5":0,"6":0,"7":0,"8":0,"9":0,"10":0,"11":0,"12":0,"13":0,"14":0,"15":0,"16":0,"17":0,"18":0,"19":0,"20":0},"b":{"0":[0,0],"1":[0,0],"2":[0,0],"3":[0,0],"4":[0,0]}}
,"/Users/mm2/dev_mm/mono/apps/api-nest/src/common/types/tier.types.ts": {"path":"/Users/mm2/dev_mm/mono/apps/api-nest/src/common/types/tier.types.ts","statementMap":{"0":{"start":{"line":17,"column":0},"end":{"line":17,"column":16}},"1":{"start":{"line":1,"column":0},"end":{"line":1,"column":null}},"2":{"start":{"line":2,"column":2},"end":{"line":2,"column":null}},"3":{"start":{"line":3,"column":2},"end":{"line":3,"column":null}},"4":{"start":{"line":4,"column":2},"end":{"line":4,"column":null}},"5":{"start":{"line":5,"column":2},"end":{"line":5,"column":null}},"6":{"start":{"line":6,"column":2},"end":{"line":6,"column":null}},"7":{"start":{"line":9,"column":13},"end":{"line":15,"column":2}},"8":{"start":{"line":18,"column":2},"end":{"line":18,"column":64}}},"fnMap":{"0":{"name":"(anonymous_0)","decl":{"start":{"line":1,"column":0},"end":{"line":1,"column":12}},"loc":{"start":{"line":1,"column":20},"end":{"line":7,"column":1}}},"1":{"name":"hasMinimumTier","decl":{"start":{"line":17,"column":16},"end":{"line":17,"column":30}},"loc":{"start":{"line":17,"column":73},"end":{"line":19,"column":1}}}},"branchMap":{"0":{"loc":{"start":{"line":1,"column":12},"end":{"line":1,"column":null}},"type":"binary-expr","locations":[{"start":{"line":1,"column":12},"end":{"line":1,"column":20}},{"start":{"line":1,"column":20},"end":{"line":1,"column":null}}]}},"s":{"0":0,"1":0,"2":0,"3":0,"4":0,"5":0,"6":0,"7":0,"8":0},"f":{"0":0,"1":0},"b":{"0":[0,0]}}
,"/Users/mm2/dev_mm/mono/apps/api-nest/src/config/configuration.ts": {"path":"/Users/mm2/dev_mm/mono/apps/api-nest/src/config/configuration.ts","statementMap":{"0":{"start":{"line":1,"column":0},"end":{"line":1,"column":27}},"1":{"start":{"line":27,"column":29},"end":{"line":43,"column":2}},"2":{"start":{"line":27,"column":44},"end":{"line":43,"column":2}},"3":{"start":{"line":27,"column":13},"end":{"line":27,"column":29}},"4":{"start":{"line":45,"column":13},"end":{"line":55,"column":3}}},"fnMap":{"0":{"name":"(anonymous_9)","decl":{"start":{"line":27,"column":29},"end":{"line":27,"column":40}},"loc":{"start":{"line":27,"column":44},"end":{"line":43,"column":2}}}},"branchMap":{"0":{"loc":{"start":{"line":29,"column":10},"end":{"line":29,"column":48}},"type":"binary-expr","locations":[{"start":{"line":29,"column":10},"end":{"line":29,"column":40}},{"start":{"line":29,"column":44},"end":{"line":29,"column":48}}]},"1":{"loc":{"start":{"line":30,"column":9},"end":{"line":30,"column":46}},"type":"binary-expr","locations":[{"start":{"line":30,"column":9},"end":{"line":30,"column":29}},{"start":{"line":30,"column":33},"end":{"line":30,"column":46}}]},"2":{"loc":{"start":{"line":31,"column":17},"end":{"line":31,"column":112}},"type":"binary-expr","locations":[{"start":{"line":31,"column":17},"end":{"line":31,"column":53}},{"start":{"line":31,"column":57},"end":{"line":31,"column":112}}]},"3":{"loc":{"start":{"line":32,"column":18},"end":{"line":32,"column":67}},"type":"binary-expr","locations":[{"start":{"line":32,"column":18},"end":{"line":32,"column":43}},{"start":{"line":32,"column":47},"end":{"line":32,"column":67}}]},"4":{"loc":{"start":{"line":33,"column":15},"end":{"line":33,"column":58}},"type":"binary-expr","locations":[{"start":{"line":33,"column":15},"end":{"line":33,"column":37}},{"start":{"line":33,"column":41},"end":{"line":33,"column":58}}]},"5":{"loc":{"start":{"line":36,"column":9},"end":{"line":36,"column":97}},"type":"binary-expr","locations":[{"start":{"line":36,"column":9},"end":{"line":36,"column":33}},{"start":{"line":36,"column":37},"end":{"line":36,"column":97}}]},"6":{"loc":{"start":{"line":39,"column":10},"end":{"line":39,"column":47}},"type":"binary-expr","locations":[{"start":{"line":39,"column":10},"end":{"line":39,"column":32}},{"start":{"line":39,"column":36},"end":{"line":39,"column":47}}]},"7":{"loc":{"start":{"line":40,"column":10},"end":{"line":40,"column":54}},"type":"binary-expr","locations":[{"start":{"line":40,"column":10},"end":{"line":40,"column":46}},{"start":{"line":40,"column":50},"end":{"line":40,"column":54}}]}},"s":{"0":0,"1":0,"2":0,"3":0,"4":0},"f":{"0":0},"b":{"0":[0,0],"1":[0,0],"2":[0,0],"3":[0,0],"4":[0,0],"5":[0,0],"6":[0,0],"7":[0,0]}}
,"/Users/mm2/dev_mm/mono/apps/api-nest/src/modules/account/account.controller.ts": {"path":"/Users/mm2/dev_mm/mono/apps/api-nest/src/modules/account/account.controller.ts","statementMap":{"0":{"start":{"line":1,"column":0},"end":{"line":1,"column":92}},"1":{"start":{"line":2,"column":0},"end":{"line":2,"column":51}},"2":{"start":{"line":5,"column":7},"end":{"line":28,"column":null}},"3":{"start":{"line":6,"column":31},"end":{"line":6,"column":47}},"4":{"start":{"line":11,"column":4},"end":{"line":11,"column":64}},"5":{"start":{"line":16,"column":4},"end":{"line":16,"column":75}},"6":{"start":{"line":21,"column":4},"end":{"line":21,"column":65}},"7":{"start":{"line":26,"column":4},"end":{"line":26,"column":78}},"8":{"start":{"line":5,"column":13},"end":{"line":5,"column":30}},"9":{"start":{"line":9,"column":2},"end":{"line":12,"column":null}},"10":{"start":{"line":15,"column":2},"end":{"line":17,"column":null}},"11":{"start":{"line":20,"column":2},"end":{"line":22,"column":null}},"12":{"start":{"line":25,"column":2},"end":{"line":27,"column":null}},"13":{"start":{"line":5,"column":13},"end":{"line":28,"column":null}}},"fnMap":{"0":{"name":"(anonymous_4)","decl":{"start":{"line":6,"column":2},"end":{"line":6,"column":31}},"loc":{"start":{"line":6,"column":61},"end":{"line":6,"column":65}}},"1":{"name":"(anonymous_5)","decl":{"start":{"line":9,"column":2},"end":{"line":9,"column":12}},"loc":{"start":{"line":9,"column":12},"end":{"line":12,"column":3}}},"2":{"name":"(anonymous_6)","decl":{"start":{"line":15,"column":2},"end":{"line":15,"column":11}},"loc":{"start":{"line":15,"column":35},"end":{"line":17,"column":3}}},"3":{"name":"(anonymous_7)","decl":{"start":{"line":20,"column":2},"end":{"line":20,"column":13}},"loc":{"start":{"line":20,"column":13},"end":{"line":22,"column":3}}},"4":{"name":"(anonymous_8)","decl":{"start":{"line":25,"column":2},"end":{"line":25,"column":16}},"loc":{"start":{"line":25,"column":38},"end":{"line":27,"column":3}}}},"branchMap":{},"s":{"0":0,"1":0,"2":0,"3":0,"4":0,"5":0,"6":0,"7":0,"8":0,"9":0,"10":0,"11":0,"12":0,"13":0},"f":{"0":0,"1":0,"2":0,"3":0,"4":0},"b":{}}
,"/Users/mm2/dev_mm/mono/apps/api-nest/src/modules/account/account.module.ts": {"path":"/Users/mm2/dev_mm/mono/apps/api-nest/src/modules/account/account.module.ts","statementMap":{"0":{"start":{"line":1,"column":0},"end":{"line":1,"column":40}},"1":{"start":{"line":2,"column":0},"end":{"line":2,"column":57}},"2":{"start":{"line":3,"column":0},"end":{"line":3,"column":51}},"3":{"start":{"line":4,"column":0},"end":{"line":4,"column":65}},"4":{"start":{"line":5,"column":0},"end":{"line":5,"column":69}},"5":{"start":{"line":6,"column":0},"end":{"line":6,"column":73}},"6":{"start":{"line":7,"column":0},"end":{"line":7,"column":71}},"7":{"start":{"line":8,"column":0},"end":{"line":8,"column":81}},"8":{"start":{"line":9,"column":0},"end":{"line":9,"column":77}},"9":{"start":{"line":10,"column":0},"end":{"line":10,"column":56}},"10":{"start":{"line":11,"column":0},"end":{"line":11,"column":60}},"11":{"start":{"line":12,"column":0},"end":{"line":12,"column":64}},"12":{"start":{"line":13,"column":0},"end":{"line":13,"column":62}},"13":{"start":{"line":14,"column":0},"end":{"line":14,"column":72}},"14":{"start":{"line":15,"column":0},"end":{"line":15,"column":68}},"15":{"start":{"line":16,"column":0},"end":{"line":16,"column":49}},"16":{"start":{"line":48,"column":7},"end":{"line":48,"column":null}},"17":{"start":{"line":48,"column":13},"end":{"line":48,"column":26}},"18":{"start":{"line":48,"column":13},"end":{"line":48,"column":null}}},"fnMap":{},"branchMap":{},"s":{"0":0,"1":0,"2":0,"3":0,"4":0,"5":0,"6":0,"7":0,"8":0,"9":0,"10":0,"11":0,"12":0,"13":0,"14":0,"15":0,"16":0,"17":0,"18":0},"f":{},"b":{}}
,"/Users/mm2/dev_mm/mono/apps/api-nest/src/modules/account/account.service.ts": {"path":"/Users/mm2/dev_mm/mono/apps/api-nest/src/modules/account/account.service.ts","statementMap":{"0":{"start":{"line":1,"column":0},"end":{"line":1,"column":44}},"1":{"start":{"line":4,"column":7},"end":{"line":67,"column":null}},"2":{"start":{"line":6,"column":4},"end":{"line":30,"column":6}},"3":{"start":{"line":34,"column":4},"end":{"line":42,"column":6}},"4":{"start":{"line":46,"column":4},"end":{"line":54,"column":6}},"5":{"start":{"line":58,"column":4},"end":{"line":65,"column":6}},"6":{"start":{"line":4,"column":13},"end":{"line":4,"column":27}},"7":{"start":{"line":4,"column":13},"end":{"line":67,"column":null}}},"fnMap":{"0":{"name":"(anonymous_1)","decl":{"start":{"line":5,"column":2},"end":{"line":5,"column":12}},"loc":{"start":{"line":5,"column":30},"end":{"line":31,"column":3}}},"1":{"name":"(anonymous_2)","decl":{"start":{"line":33,"column":2},"end":{"line":33,"column":11}},"loc":{"start":{"line":33,"column":46},"end":{"line":43,"column":3}}},"2":{"name":"(anonymous_3)","decl":{"start":{"line":45,"column":2},"end":{"line":45,"column":13}},"loc":{"start":{"line":45,"column":31},"end":{"line":55,"column":3}}},"3":{"name":"(anonymous_4)","decl":{"start":{"line":57,"column":2},"end":{"line":57,"column":16}},"loc":{"start":{"line":57,"column":49},"end":{"line":66,"column":3}}}},"branchMap":{},"s":{"0":0,"1":0,"2":0,"3":0,"4":0,"5":0,"6":0,"7":0},"f":{"0":0,"1":0,"2":0,"3":0},"b":{}}
[...]
,"/Users/mm2/dev_mm/mono/apps/api-nest/src/modules/tenant/controllers/workflows.controller.ts": {"path":"/Users/mm2/dev_mm/mono/apps/api-nest/src/modules/tenant/controllers/workflows.controller.ts","statementMap":{"0":{"start":{"line":1,"column":0},"end":{"line":1,"column":44}},"1":{"start":{"line":2,"column":0},"end":{"line":2,"column":57}},"2":{"start":{"line":3,"column":0},"end":{"line":3,"column":65}},"3":{"start":{"line":4,"column":0},"end":{"line":4,"column":57}},"4":{"start":{"line":5,"column":0},"end":{"line":5,"column":52}},"5":{"start":{"line":10,"column":7},"end":{"line":13,"column":null}},"6":{"start":{"line":11,"column":31},"end":{"line":11,"column":49}},"7":{"start":{"line":10,"column":13},"end":{"line":10,"column":32}},"8":{"start":{"line":10,"column":13},"end":{"line":13,"column":null}}},"fnMap":{"0":{"name":"(anonymous_2)","decl":{"start":{"line":11,"column":2},"end":{"line":11,"column":31}},"loc":{"start":{"line":11,"column":65},"end":{"line":11,"column":69}}}},"branchMap":{},"s":{"0":0,"1":0,"2":0,"3":0,"4":0,"5":0,"6":0,"7":0,"8":0},"f":{"0":0},"b":{}}
,"/Users/mm2/dev_mm/mono/apps/api-nest/src/modules/tenant/services/administration.service.ts": {"path":"/Users/mm2/dev_mm/mono/apps/api-nest/src/modules/tenant/services/administration.service.ts","statementMap":{"0":{"start":{"line":1,"column":0},"end":{"line":1,"column":44}},"1":{"start":{"line":2,"column":0},"end":{"line":2,"column":62}},"2":{"start":{"line":3,"column":0},"end":{"line":3,"column":59}},"3":{"start":{"line":6,"column":7},"end":{"line":12,"column":null}},"4":{"start":{"line":8,"column":12},"end":{"line":8,"column":20}},"5":{"start":{"line":9,"column":12},"end":{"line":9,"column":19}},"6":{"start":{"line":6,"column":13},"end":{"line":6,"column":34}},"7":{"start":{"line":6,"column":13},"end":{"line":12,"column":null}}},"fnMap":{"0":{"name":"(anonymous_2)","decl":{"start":{"line":7,"column":2},"end":{"line":7,"column":null}},"loc":{"start":{"line":9,"column":31},"end":{"line":10,"column":6}}}},"branchMap":{},"s":{"0":0,"1":0,"2":0,"3":0,"4":0,"5":0,"6":0,"7":0},"f":{"0":0},"b":{}}
,"/Users/mm2/dev_mm/mono/apps/api-nest/src/modules/tenant/services/categories.service.ts": {"path":"/Users/mm2/dev_mm/mono/apps/api-nest/src/modules/tenant/services/categories.service.ts","statementMap":{"0":{"start":{"line":1,"column":0},"end":{"line":1,"column":44}},"1":{"start":{"line":2,"column":0},"end":{"line":2,"column":62}},"2":{"start":{"line":3,"column":0},"end":{"line":3,"column":59}},"3":{"start":{"line":6,"column":7},"end":{"line":12,"column":null}},"4":{"start":{"line":8,"column":12},"end":{"line":8,"column":20}},"5":{"start":{"line":9,"column":12},"end":{"line":9,"column":19}},"6":{"start":{"line":6,"column":13},"end":{"line":6,"column":30}},"7":{"start":{"line":6,"column":13},"end":{"line":12,"column":null}}},"fnMap":{"0":{"name":"(anonymous_2)","decl":{"start":{"line":7,"column":2},"end":{"line":7,"column":null}},"loc":{"start":{"line":9,"column":31},"end":{"line":10,"column":6}}}},"branchMap":{},"s":{"0":0,"1":0,"2":0,"3":0,"4":0,"5":0,"6":0,"7":0},"f":{"0":0},"b":{}}
,"/Users/mm2/dev_mm/mono/apps/api-nest/src/modules/tenant/services/content.service.ts": {"path":"/Users/mm2/dev_mm/mono/apps/api-nest/src/modules/tenant/services/content.service.ts","statementMap":{"0":{"start":{"line":1,"column":0},"end":{"line":1,"column":44}},"1":{"start":{"line":2,"column":0},"end":{"line":2,"column":62}},"2":{"start":{"line":3,"column":0},"end":{"line":3,"column":59}},"3":{"start":{"line":6,"column":7},"end":{"line":12,"column":null}},"4":{"start":{"line":8,"column":12},"end":{"line":8,"column":20}},"5":{"start":{"line":9,"column":12},"end":{"line":9,"column":19}},"6":{"start":{"line":6,"column":13},"end":{"line":6,"column":27}},"7":{"start":{"line":6,"column":13},"end":{"line":12,"column":null}}},"fnMap":{"0":{"name":"(anonymous_2)","decl":{"start":{"line":7,"column":2},"end":{"line":7,"column":null}},"loc":{"start":{"line":9,"column":31},"end":{"line":10,"column":6}}}},"branchMap":{},"s":{"0":0,"1":0,"2":0,"3":0,"4":0,"5":0,"6":0,"7":0},"f":{"0":0},"b":{}}
,"/Users/mm2/dev_mm/mono/apps/api-nest/src/modules/tenant/services/data.service.ts": {"path":"/Users/mm2/dev_mm/mono/apps/api-nest/src/modules/tenant/services/data.service.ts","statementMap":{"0":{"start":{"line":1,"column":0},"end":{"line":1,"column":44}},"1":{"start":{"line":2,"column":0},"end":{"line":2,"column":62}},"2":{"start":{"line":3,"column":0},"end":{"line":3,"column":59}},"3":{"start":{"line":6,"column":7},"end":{"line":12,"column":null}},"4":{"start":{"line":8,"column":12},"end":{"line":8,"column":20}},"5":{"start":{"line":9,"column":12},"end":{"line":9,"column":19}},"6":{"start":{"line":6,"column":13},"end":{"line":6,"column":24}},"7":{"start":{"line":6,"column":13},"end":{"line":12,"column":null}}},"fnMap":{"0":{"name":"(anonymous_2)","decl":{"start":{"line":7,"column":2},"end":{"line":7,"column":null}},"loc":{"start":{"line":9,"column":31},"end":{"line":10,"column":6}}}},"branchMap":{},"s":{"0":0,"1":0,"2":0,"3":0,"4":0,"5":0,"6":0,"7":0},"f":{"0":0},"b":{}}
,"/Users/mm2/dev_mm/mono/apps/api-nest/src/modules/tenant/services/monitoring.service.ts": {"path":"/Users/mm2/dev_mm/mono/apps/api-nest/src/modules/tenant/services/monitoring.service.ts","statementMap":{"0":{"start":{"line":1,"column":0},"end":{"line":1,"column":44}},"1":{"start":{"line":2,"column":0},"end":{"line":2,"column":62}},"2":{"start":{"line":3,"column":0},"end":{"line":3,"column":59}},"3":{"start":{"line":6,"column":7},"end":{"line":12,"column":null}},"4":{"start":{"line":8,"column":12},"end":{"line":8,"column":20}},"5":{"start":{"line":9,"column":12},"end":{"line":9,"column":19}},"6":{"start":{"line":6,"column":13},"end":{"line":6,"column":30}},"7":{"start":{"line":6,"column":13},"end":{"line":12,"column":null}}},"fnMap":{"0":{"name":"(anonymous_2)","decl":{"start":{"line":7,"column":2},"end":{"line":7,"column":null}},"loc":{"start":{"line":9,"column":31},"end":{"line":10,"column":6}}}},"branchMap":{},"s":{"0":0,"1":0,"2":0,"3":0,"4":0,"5":0,"6":0,"7":0},"f":{"0":0},"b":{}}
,"/Users/mm2/dev_mm/mono/apps/api-nest/src/modules/tenant/services/option-sets.service.ts": {"path":"/Users/mm2/dev_mm/mono/apps/api-nest/src/modules/tenant/services/option-sets.service.ts","statementMap":{"0":{"start":{"line":1,"column":0},"end":{"line":1,"column":44}},"1":{"start":{"line":2,"column":0},"end":{"line":2,"column":62}},"2":{"start":{"line":3,"column":0},"end":{"line":3,"column":59}},"3":{"start":{"line":6,"column":7},"end":{"line":12,"column":null}},"4":{"start":{"line":8,"column":12},"end":{"line":8,"column":20}},"5":{"start":{"line":9,"column":12},"end":{"line":9,"column":19}},"6":{"start":{"line":6,"column":13},"end":{"line":6,"column":30}},"7":{"start":{"line":6,"column":13},"end":{"line":12,"column":null}}},"fnMap":{"0":{"name":"(anonymous_2)","decl":{"start":{"line":7,"column":2},"end":{"line":7,"column":null}},"loc":{"start":{"line":9,"column":31},"end":{"line":10,"column":6}}}},"branchMap":{},"s":{"0":0,"1":0,"2":0,"3":0,"4":0,"5":0,"6":0,"7":0},"f":{"0":0},"b":{}}
,"/Users/mm2/dev_mm/mono/apps/api-nest/src/modules/tenant/services/permissions.service.ts": {"path":"/Users/mm2/dev_mm/mono/apps/api-nest/src/modules/tenant/services/permissions.service.ts","statementMap":{"0":{"start":{"line":1,"column":0},"end":{"line":1,"column":44}},"1":{"start":{"line":2,"column":0},"end":{"line":2,"column":62}},"2":{"start":{"line":3,"column":0},"end":{"line":3,"column":59}},"3":{"start":{"line":6,"column":7},"end":{"line":12,"column":null}},"4":{"start":{"line":8,"column":12},"end":{"line":8,"column":20}},"5":{"start":{"line":9,"column":12},"end":{"line":9,"column":19}},"6":{"start":{"line":6,"column":13},"end":{"line":6,"column":37}},"7":{"start":{"line":6,"column":13},"end":{"line":12,"column":null}}},"fnMap":{"0":{"name":"(anonymous_2)","decl":{"start":{"line":7,"column":2},"end":{"line":7,"column":null}},"loc":{"start":{"line":9,"column":31},"end":{"line":10,"column":6}}}},"branchMap":{},"s":{"0":0,"1":0,"2":0,"3":0,"4":0,"5":0,"6":0,"7":0},"f":{"0":0},"b":{}}
,"/Users/mm2/dev_mm/mono/apps/api-nest/src/modules/tenant/services/tags.service.ts": {"path":"/Users/mm2/dev_mm/mono/apps/api-nest/src/modules/tenant/services/tags.service.ts","statementMap":{"0":{"start":{"line":1,"column":0},"end":{"line":1,"column":44}},"1":{"start":{"line":2,"column":0},"end":{"line":2,"column":62}},"2":{"start":{"line":3,"column":0},"end":{"line":3,"column":59}},"3":{"start":{"line":6,"column":7},"end":{"line":12,"column":null}},"4":{"start":{"line":8,"column":12},"end":{"line":8,"column":20}},"5":{"start":{"line":9,"column":12},"end":{"line":9,"column":19}},"6":{"start":{"line":6,"column":13},"end":{"line":6,"column":24}},"7":{"start":{"line":6,"column":13},"end":{"line":12,"column":null}}},"fnMap":{"0":{"name":"(anonymous_2)","decl":{"start":{"line":7,"column":2},"end":{"line":7,"column":null}},"loc":{"start":{"line":9,"column":31},"end":{"line":10,"column":6}}}},"branchMap":{},"s":{"0":0,"1":0,"2":0,"3":0,"4":0,"5":0,"6":0,"7":0},"f":{"0":0},"b":{}}
,"/Users/mm2/dev_mm/mono/apps/api-nest/src/modules/tenant/services/users.service.ts": {"path":"/Users/mm2/dev_mm/mono/apps/api-nest/src/modules/tenant/services/users.service.ts","statementMap":{"0":{"start":{"line":1,"column":0},"end":{"line":1,"column":44}},"1":{"start":{"line":2,"column":0},"end":{"line":2,"column":62}},"2":{"start":{"line":3,"column":0},"end":{"line":3,"column":59}},"3":{"start":{"line":6,"column":7},"end":{"line":12,"column":null}},"4":{"start":{"line":8,"column":12},"end":{"line":8,"column":20}},"5":{"start":{"line":9,"column":12},"end":{"line":9,"column":19}},"6":{"start":{"line":6,"column":13},"end":{"line":6,"column":31}},"7":{"start":{"line":6,"column":13},"end":{"line":12,"column":null}}},"fnMap":{"0":{"name":"(anonymous_2)","decl":{"start":{"line":7,"column":2},"end":{"line":7,"column":null}},"loc":{"start":{"line":9,"column":31},"end":{"line":10,"column":6}}}},"branchMap":{},"s":{"0":0,"1":0,"2":0,"3":0,"4":0,"5":0,"6":0,"7":0},"f":{"0":0},"b":{}}
,"/Users/mm2/dev_mm/mono/apps/api-nest/src/modules/tenant/services/workflows.service.ts": {"path":"/Users/mm2/dev_mm/mono/apps/api-nest/src/modules/tenant/services/workflows.service.ts","statementMap":{"0":{"start":{"line":1,"column":0},"end":{"line":1,"column":44}},"1":{"start":{"line":2,"column":0},"end":{"line":2,"column":62}},"2":{"start":{"line":3,"column":0},"end":{"line":3,"column":59}},"3":{"start":{"line":6,"column":7},"end":{"line":12,"column":null}},"4":{"start":{"line":8,"column":12},"end":{"line":8,"column":20}},"5":{"start":{"line":9,"column":12},"end":{"line":9,"column":19}},"6":{"start":{"line":6,"column":13},"end":{"line":6,"column":29}},"7":{"start":{"line":6,"column":13},"end":{"line":12,"column":null}}},"fnMap":{"0":{"name":"(anonymous_2)","decl":{"start":{"line":7,"column":2},"end":{"line":7,"column":null}},"loc":{"start":{"line":9,"column":31},"end":{"line":10,"column":6}}}},"branchMap":{},"s":{"0":0,"1":0,"2":0,"3":0,"4":0,"5":0,"6":0,"7":0},"f":{"0":0},"b":{}}
,"/Users/mm2/dev_mm/mono/apps/api-nest/src/modules/user/user.controller.ts": {"path":"/Users/mm2/dev_mm/mono/apps/api-nest/src/modules/user/user.controller.ts","statementMap":{"0":{"start":{"line":1,"column":0},"end":{"line":1,"column":71}},"1":{"start":{"line":2,"column":0},"end":{"line":2,"column":45}},"2":{"start":{"line":5,"column":7},"end":{"line":24,"column":null}},"3":{"start":{"line":6,"column":31},"end":{"line":6,"column":44}},"4":{"start":{"line":11,"column":4},"end":{"line":11,"column":58}},"5":{"start":{"line":17,"column":4},"end":{"line":17,"column":73}},"6":{"start":{"line":22,"column":4},"end":{"line":22,"column":59}},"7":{"start":{"line":5,"column":13},"end":{"line":5,"column":27}},"8":{"start":{"line":9,"column":2},"end":{"line":12,"column":null}},"9":{"start":{"line":15,"column":2},"end":{"line":18,"column":null}},"10":{"start":{"line":21,"column":2},"end":{"line":23,"column":null}},"11":{"start":{"line":5,"column":13},"end":{"line":24,"column":null}}},"fnMap":{"0":{"name":"(anonymous_4)","decl":{"start":{"line":6,"column":2},"end":{"line":6,"column":31}},"loc":{"start":{"line":6,"column":55},"end":{"line":6,"column":59}}},"1":{"name":"(anonymous_5)","decl":{"start":{"line":9,"column":2},"end":{"line":9,"column":12}},"loc":{"start":{"line":9,"column":12},"end":{"line":12,"column":3}}},"2":{"name":"(anonymous_6)","decl":{"start":{"line":15,"column":2},"end":{"line":15,"column":15}},"loc":{"start":{"line":15,"column":39},"end":{"line":18,"column":3}}},"3":{"name":"(anonymous_7)","decl":{"start":{"line":21,"column":2},"end":{"line":21,"column":13}},"loc":{"start":{"line":21,"column":13},"end":{"line":23,"column":3}}}},"branchMap":{},"s":{"0":0,"1":0,"2":0,"3":0,"4":0,"5":0,"6":0,"7":0,"8":0,"9":0,"10":0,"11":0},"f":{"0":0,"1":0,"2":0,"3":0},"b":{}}
,"/Users/mm2/dev_mm/mono/apps/api-nest/src/modules/user/user.module.ts": {"path":"/Users/mm2/dev_mm/mono/apps/api-nest/src/modules/user/user.module.ts","statementMap":{"0":{"start":{"line":1,"column":0},"end":{"line":1,"column":40}},"1":{"start":{"line":2,"column":0},"end":{"line":2,"column":51}},"2":{"start":{"line":3,"column":0},"end":{"line":3,"column":45}},"3":{"start":{"line":4,"column":0},"end":{"line":4,"column":69}},"4":{"start":{"line":5,"column":0},"end":{"line":5,"column":71}},"5":{"start":{"line":6,"column":0},"end":{"line":6,"column":60}},"6":{"start":{"line":7,"column":0},"end":{"line":7,"column":62}},"7":{"start":{"line":8,"column":0},"end":{"line":8,"column":49}},"8":{"start":{"line":24,"column":7},"end":{"line":24,"column":null}},"9":{"start":{"line":24,"column":13},"end":{"line":24,"column":23}},"10":{"start":{"line":24,"column":13},"end":{"line":24,"column":null}}},"fnMap":{},"branchMap":{},"s":{"0":0,"1":0,"2":0,"3":0,"4":0,"5":0,"6":0,"7":0,"8":0,"9":0,"10":0},"f":{},"b":{}}
,"/Users/mm2/dev_mm/mono/apps/api-nest/src/modules/user/user.service.ts": {"path":"/Users/mm2/dev_mm/mono/apps/api-nest/src/modules/user/user.service.ts","statementMap":{"0":{"start":{"line":1,"column":0},"end":{"line":1,"column":44}},"1":{"start":{"line":4,"column":7},"end":{"line":39,"column":null}},"2":{"start":{"line":6,"column":4},"end":{"line":14,"column":6}},"3":{"start":{"line":18,"column":4},"end":{"line":25,"column":6}},"4":{"start":{"line":29,"column":4},"end":{"line":37,"column":6}},"5":{"start":{"line":4,"column":13},"end":{"line":4,"column":24}},"6":{"start":{"line":4,"column":13},"end":{"line":39,"column":null}}},"fnMap":{"0":{"name":"(anonymous_1)","decl":{"start":{"line":5,"column":2},"end":{"line":5,"column":12}},"loc":{"start":{"line":5,"column":27},"end":{"line":15,"column":3}}},"1":{"name":"(anonymous_2)","decl":{"start":{"line":17,"column":2},"end":{"line":17,"column":15}},"loc":{"start":{"line":17,"column":47},"end":{"line":26,"column":3}}},"2":{"name":"(anonymous_3)","decl":{"start":{"line":28,"column":2},"end":{"line":28,"column":13}},"loc":{"start":{"line":28,"column":28},"end":{"line":38,"column":3}}}},"branchMap":{},"s":{"0":0,"1":0,"2":0,"3":0,"4":0,"5":0,"6":0},"f":{"0":0,"1":0,"2":0},"b":{}}
,"/Users/mm2/dev_mm/mono/apps/api-nest/src/modules/user/controllers/profile.controller.ts": {"path":"/Users/mm2/dev_mm/mono/apps/api-nest/src/modules/user/controllers/profile.controller.ts","statementMap":{"0":{"start":{"line":1,"column":0},"end":{"line":1,"column":75}},"1":{"start":{"line":2,"column":0},"end":{"line":2,"column":57}},"2":{"start":{"line":3,"column":0},"end":{"line":3,"column":64}},"3":{"start":{"line":4,"column":0},"end":{"line":4,"column":61}},"4":{"start":{"line":5,"column":0},"end":{"line":5,"column":61}},"5":{"start":{"line":6,"column":0},"end":{"line":6,"column":63}},"6":{"start":{"line":9,"column":7},"end":{"line":41,"column":null}},"7":{"start":{"line":10,"column":31},"end":{"line":10,"column":47}},"8":{"start":{"line":15,"column":4},"end":{"line":15,"column":51}},"9":{"start":{"line":24,"column":4},"end":{"line":24,"column":72}},"10":{"start":{"line":33,"column":4},"end":{"line":33,"column":74}},"11":{"start":{"line":39,"column":4},"end":{"line":39,"column":54}},"12":{"start":{"line":9,"column":13},"end":{"line":9,"column":30}},"13":{"start":{"line":14,"column":8},"end":{"line":16,"column":null}},"14":{"start":{"line":20,"column":8},"end":{"line":25,"column":null}},"15":{"start":{"line":29,"column":8},"end":{"line":34,"column":null}},"16":{"start":{"line":38,"column":8},"end":{"line":40,"column":null}},"17":{"start":{"line":9,"column":13},"end":{"line":41,"column":null}}},"fnMap":{"0":{"name":"(anonymous_4)","decl":{"start":{"line":10,"column":2},"end":{"line":10,"column":31}},"loc":{"start":{"line":10,"column":61},"end":{"line":10,"column":65}}},"1":{"name":"(anonymous_5)","decl":{"start":{"line":14,"column":8},"end":{"line":14,"column":20}},"loc":{"start":{"line":14,"column":45},"end":{"line":16,"column":3}}},"2":{"name":"(anonymous_6)","decl":{"start":{"line":20,"column":8},"end":{"line":20,"column":23}},"loc":{"start":{"line":22,"column":46},"end":{"line":25,"column":3}}},"3":{"name":"(anonymous_7)","decl":{"start":{"line":29,"column":8},"end":{"line":29,"column":22}},"loc":{"start":{"line":31,"column":48},"end":{"line":34,"column":3}}},"4":{"name":"(anonymous_8)","decl":{"start":{"line":38,"column":8},"end":{"line":38,"column":24}},"loc":{"start":{"line":38,"column":52},"end":{"line":40,"column":3}}}},"branchMap":{},"s":{"0":0,"1":0,"2":0,"3":0,"4":0,"5":0,"6":0,"7":0,"8":0,"9":0,"10":0,"11":0,"12":0,"13":0,"14":0,"15":0,"16":0,"17":0},"f":{"0":0,"1":0,"2":0,"3":0,"4":0},"b":{}}
,"/Users/mm2/dev_mm/mono/apps/api-nest/src/modules/user/controllers/settings.controller.ts": {"path":"/Users/mm2/dev_mm/mono/apps/api-nest/src/modules/user/controllers/settings.controller.ts","statementMap":{"0":{"start":{"line":1,"column":0},"end":{"line":1,"column":74}},"1":{"start":{"line":2,"column":0},"end":{"line":2,"column":57}},"2":{"start":{"line":3,"column":0},"end":{"line":3,"column":64}},"3":{"start":{"line":4,"column":0},"end":{"line":4,"column":63}},"4":{"start":{"line":7,"column":7},"end":{"line":42,"column":null}},"5":{"start":{"line":8,"column":31},"end":{"line":8,"column":48}},"6":{"start":{"line":13,"column":4},"end":{"line":13,"column":56}},"7":{"start":{"line":22,"column":4},"end":{"line":22,"column":72}},"8":{"start":{"line":31,"column":4},"end":{"line":31,"column":66}},"9":{"start":{"line":40,"column":4},"end":{"line":40,"column":67}},"10":{"start":{"line":7,"column":13},"end":{"line":7,"column":31}},"11":{"start":{"line":12,"column":8},"end":{"line":14,"column":null}},"12":{"start":{"line":18,"column":8},"end":{"line":23,"column":null}},"13":{"start":{"line":27,"column":8},"end":{"line":32,"column":null}},"14":{"start":{"line":36,"column":8},"end":{"line":41,"column":null}},"15":{"start":{"line":7,"column":13},"end":{"line":42,"column":null}}},"fnMap":{"0":{"name":"(anonymous_4)","decl":{"start":{"line":8,"column":2},"end":{"line":8,"column":31}},"loc":{"start":{"line":8,"column":63},"end":{"line":8,"column":67}}},"1":{"name":"(anonymous_5)","decl":{"start":{"line":12,"column":8},"end":{"line":12,"column":22}},"loc":{"start":{"line":12,"column":47},"end":{"line":14,"column":3}}},"2":{"name":"(anonymous_6)","decl":{"start":{"line":18,"column":8},"end":{"line":18,"column":25}},"loc":{"start":{"line":20,"column":28},"end":{"line":23,"column":3}}},"3":{"name":"(anonymous_7)","decl":{"start":{"line":27,"column":8},"end":{"line":27,"column":17}},"loc":{"start":{"line":29,"column":30},"end":{"line":32,"column":3}}},"4":{"name":"(anonymous_8)","decl":{"start":{"line":36,"column":8},"end":{"line":36,"column":21}},"loc":{"start":{"line":38,"column":61},"end":{"line":41,"column":3}}}},"branchMap":{},"s":{"0":0,"1":0,"2":0,"3":0,"4":0,"5":0,"6":0,"7":0,"8":0,"9":0,"10":0,"11":0,"12":0,"13":0,"14":0,"15":0},"f":{"0":0,"1":0,"2":0,"3":0,"4":0},"b":{}}
}
